
image:     file format elf32-lm32

Sections:
Idx Name          Size      VMA       LMA       File off  Algn
  0 .text         00000734  00000000  00000000  00000054  2**2
                  CONTENTS, ALLOC, LOAD, CODE
  1 .rodata       00000074  00000734  00000734  00000788  2**2
                  CONTENTS, ALLOC, LOAD, READONLY, DATA
  2 .data         00000018  000007a8  000007a8  000007fc  2**2
                  CONTENTS, ALLOC, LOAD, DATA
  3 .bss          00000084  000007c0  000007c0  00000814  2**2
                  ALLOC
  4 .debug_frame  00000260  00000000  00000000  00000814  2**2
                  CONTENTS, READONLY, DEBUGGING
  5 .debug_info   00001307  00000000  00000000  00000a74  2**0
                  CONTENTS, READONLY, DEBUGGING
  6 .debug_abbrev 000007b8  00000000  00000000  00001d7b  2**0
                  CONTENTS, READONLY, DEBUGGING
  7 .debug_loc    0000040b  00000000  00000000  00002533  2**0
                  CONTENTS, READONLY, DEBUGGING
  8 .debug_aranges 000000a0  00000000  00000000  0000293e  2**0
                  CONTENTS, READONLY, DEBUGGING
  9 .debug_ranges 00000028  00000000  00000000  000029de  2**0
                  CONTENTS, READONLY, DEBUGGING
 10 .debug_line   000006ff  00000000  00000000  00002a06  2**0
                  CONTENTS, READONLY, DEBUGGING
 11 .debug_str    00000530  00000000  00000000  00003105  2**0
                  CONTENTS, READONLY, DEBUGGING
 12 .comment      00000011  00000000  00000000  00003635  2**0
                  CONTENTS, READONLY

Disassembly of section .text:

00000000 <_ftext>:
   0:	98 00 00 00 	xor r0,r0,r0
   4:	d0 00 00 00 	wcsr IE,r0
   8:	78 01 00 00 	mvhi r1,0x0
   c:	38 21 00 00 	ori r1,r1,0x0
  10:	d0 e1 00 00 	wcsr EBA,r1
  14:	f8 00 00 33 	calli e0 <_crt0>
  18:	34 00 00 00 	nop
  1c:	34 00 00 00 	nop

00000020 <_breakpoint_handler>:
  20:	34 00 00 00 	nop
  24:	34 00 00 00 	nop
  28:	34 00 00 00 	nop
  2c:	34 00 00 00 	nop
  30:	34 00 00 00 	nop
  34:	34 00 00 00 	nop
  38:	34 00 00 00 	nop
  3c:	34 00 00 00 	nop

00000040 <_ibuserror_handler>:
  40:	34 00 00 00 	nop
  44:	34 00 00 00 	nop
  48:	34 00 00 00 	nop
  4c:	34 00 00 00 	nop
  50:	34 00 00 00 	nop
  54:	34 00 00 00 	nop
  58:	34 00 00 00 	nop
  5c:	34 00 00 00 	nop

00000060 <_watchpoint_handler>:
  60:	34 00 00 00 	nop
  64:	34 00 00 00 	nop
  68:	34 00 00 00 	nop
  6c:	34 00 00 00 	nop
  70:	34 00 00 00 	nop
  74:	34 00 00 00 	nop
  78:	34 00 00 00 	nop
  7c:	34 00 00 00 	nop

00000080 <_dbuserror_handler>:
  80:	34 00 00 00 	nop
  84:	34 00 00 00 	nop
  88:	34 00 00 00 	nop
  8c:	34 00 00 00 	nop
  90:	34 00 00 00 	nop
  94:	34 00 00 00 	nop
  98:	34 00 00 00 	nop
  9c:	34 00 00 00 	nop

000000a0 <_divzero_handler>:
  a0:	34 00 00 00 	nop
  a4:	34 00 00 00 	nop
  a8:	34 00 00 00 	nop
  ac:	34 00 00 00 	nop
  b0:	34 00 00 00 	nop
  b4:	34 00 00 00 	nop
  b8:	34 00 00 00 	nop
  bc:	34 00 00 00 	nop

000000c0 <_scall_handler>:
  c0:	34 00 00 00 	nop
  c4:	34 00 00 00 	nop
  c8:	34 00 00 00 	nop
  cc:	34 00 00 00 	nop
  d0:	34 00 00 00 	nop
  d4:	34 00 00 00 	nop
  d8:	34 00 00 00 	nop
  dc:	34 00 00 00 	nop

000000e0 <_crt0>:
  e0:	78 1c 00 00 	mvhi sp,0x0
  e4:	3b 9c 0f fc 	ori sp,sp,0xffc
  e8:	78 1a 00 00 	mvhi gp,0x0
  ec:	3b 5a 07 c0 	ori gp,gp,0x7c0
  f0:	78 01 00 00 	mvhi r1,0x0
  f4:	38 21 07 c0 	ori r1,r1,0x7c0
  f8:	78 03 00 00 	mvhi r3,0x0
  fc:	38 63 08 44 	ori r3,r3,0x844

00000100 <.clearBSS>:
 100:	44 23 00 04 	be r1,r3,110 <.callMain>
 104:	58 20 00 00 	sw (r1+0),r0
 108:	34 21 00 04 	addi r1,r1,4
 10c:	e3 ff ff fd 	bi 100 <.clearBSS>

00000110 <.callMain>:
 110:	34 01 00 00 	mvi r1,0
 114:	34 02 00 00 	mvi r2,0
 118:	34 03 00 00 	mvi r3,0
 11c:	f8 00 00 33 	calli 1e8 <main>

00000120 <irq_enable>:
 120:	34 01 00 01 	mvi r1,1
 124:	d0 01 00 00 	wcsr IE,r1
 128:	c3 a0 00 00 	ret

0000012c <irq_disable>:
 12c:	34 01 00 00 	mvi r1,0
 130:	d0 01 00 00 	wcsr IE,r1
 134:	c3 a0 00 00 	ret

00000138 <irq_set_mask>:
 138:	d0 21 00 00 	wcsr IM,r1
 13c:	c3 a0 00 00 	ret

00000140 <irq_get_mask>:
 140:	90 20 08 00 	rcsr r1,IM
 144:	c3 a0 00 00 	ret

00000148 <jump>:
 148:	c0 20 00 00 	b r1

0000014c <halt>:
 14c:	e0 00 00 00 	bi 14c <halt>

00000150 <_save_all>:
 150:	37 9c ff 80 	addi sp,sp,-128
 154:	5b 81 00 04 	sw (sp+4),r1
 158:	5b 82 00 08 	sw (sp+8),r2
 15c:	5b 83 00 0c 	sw (sp+12),r3
 160:	5b 84 00 10 	sw (sp+16),r4
 164:	5b 85 00 14 	sw (sp+20),r5
 168:	5b 86 00 18 	sw (sp+24),r6
 16c:	5b 87 00 1c 	sw (sp+28),r7
 170:	5b 88 00 20 	sw (sp+32),r8
 174:	5b 89 00 24 	sw (sp+36),r9
 178:	5b 8a 00 28 	sw (sp+40),r10
 17c:	5b 9e 00 78 	sw (sp+120),ea
 180:	5b 9f 00 7c 	sw (sp+124),ba
 184:	2b 81 00 80 	lw r1,(sp+128)
 188:	5b 81 00 74 	sw (sp+116),r1
 18c:	bb 80 08 00 	mv r1,sp
 190:	34 21 00 80 	addi r1,r1,128
 194:	5b 81 00 70 	sw (sp+112),r1
 198:	c3 a0 00 00 	ret

0000019c <_restore_all_and_eret>:
 19c:	2b 81 00 04 	lw r1,(sp+4)
 1a0:	2b 82 00 08 	lw r2,(sp+8)
 1a4:	2b 83 00 0c 	lw r3,(sp+12)
 1a8:	2b 84 00 10 	lw r4,(sp+16)
 1ac:	2b 85 00 14 	lw r5,(sp+20)
 1b0:	2b 86 00 18 	lw r6,(sp+24)
 1b4:	2b 87 00 1c 	lw r7,(sp+28)
 1b8:	2b 88 00 20 	lw r8,(sp+32)
 1bc:	2b 89 00 24 	lw r9,(sp+36)
 1c0:	2b 8a 00 28 	lw r10,(sp+40)
 1c4:	2b 9d 00 74 	lw ra,(sp+116)
 1c8:	2b 9e 00 78 	lw ea,(sp+120)
 1cc:	2b 9f 00 7c 	lw ba,(sp+124)
 1d0:	2b 9c 00 70 	lw sp,(sp+112)
 1d4:	c3 c0 00 00 	eret

000001d8 <get_sp>:
 1d8:	bb 80 08 00 	mv r1,sp
 1dc:	c3 a0 00 00 	ret

000001e0 <get_gp>:
 1e0:	bb 40 08 00 	mv r1,gp
 1e4:	c3 a0 00 00 	ret

000001e8 <main>:
#include "timer.h"
#include "uart.h"


int main()
{
 1e8:	37 9c ff f4 	addi sp,sp,-12
 1ec:	5b 9d 00 04 	sw (sp+4),ra
	int i=0;
	uart comando;
	pwm motor;
	timer tiempo;

		com=comando.uart_getchar();
 1f0:	37 81 00 08 	addi r1,sp,8
 1f4:	f8 00 01 25 	calli 688 <_ZN4uart12uart_getcharEv>
		comando.uart_putchar(com);
 1f8:	b8 20 10 00 	mv r2,r1
 1fc:	37 81 00 08 	addi r1,sp,8
 200:	f8 00 01 2c 	calli 6b0 <_ZN4uart12uart_putcharEc>
 204:	e3 ff ff fb 	bi 1f0 <main+0x8>

00000208 <_Z8isr_nullv>:
/***************************************************************************
 * IRQ handling
 */
void isr_null()
{
}
 208:	c3 a0 00 00 	ret

0000020c <_Z7tic_isrv>:

uint32_t tic_msec;

void tic_isr()
{
	tic_msec++;
 20c:	78 01 00 00 	mvhi r1,0x0
 210:	38 21 07 34 	ori r1,r1,0x734
 214:	28 22 00 00 	lw r2,(r1+0)
	timer0->tcr0     = TIMER_EN | TIMER_AR | TIMER_IRQEN;
 218:	78 04 00 00 	mvhi r4,0x0
 21c:	38 84 07 38 	ori r4,r4,0x738
 220:	28 83 00 00 	lw r3,(r4+0)
	tic_msec++;
 224:	28 41 00 00 	lw r1,(r2+0)
	timer0->tcr0     = TIMER_EN | TIMER_AR | TIMER_IRQEN;
 228:	28 63 00 00 	lw r3,(r3+0)
	tic_msec++;
 22c:	34 21 00 01 	addi r1,r1,1
 230:	58 41 00 00 	sw (r2+0),r1
	timer0->tcr0     = TIMER_EN | TIMER_AR | TIMER_IRQEN;
 234:	34 01 00 0e 	mvi r1,14
 238:	58 61 00 00 	sw (r3+0),r1
}
 23c:	c3 a0 00 00 	ret

00000240 <_Z8pwm_readv>:
	return pwm -> d_out;
 240:	78 02 00 00 	mvhi r2,0x0
 244:	38 42 07 3c 	ori r2,r2,0x73c
 248:	28 41 00 00 	lw r1,(r2+0)
 24c:	28 21 00 00 	lw r1,(r1+0)
 250:	28 21 00 00 	lw r1,(r1+0)
}
 254:	c3 a0 00 00 	ret

00000258 <_Z6pwm_rdh>:
pwm -> rd = vrd;
 258:	78 03 00 00 	mvhi r3,0x0
 25c:	38 63 07 40 	ori r3,r3,0x740
 260:	28 62 00 00 	lw r2,(r3+0)
void pwm_rd(uint8_t vrd){
 264:	20 21 00 ff 	andi r1,r1,0xff
pwm -> rd = vrd;
 268:	28 42 00 00 	lw r2,(r2+0)
 26c:	30 41 00 04 	sb (r2+4),r1
}
 270:	c3 a0 00 00 	ret

00000274 <_Z8pwm_addrj>:
pwm -> addr = vaddr;
 274:	78 03 00 00 	mvhi r3,0x0
 278:	38 63 07 44 	ori r3,r3,0x744
 27c:	28 62 00 00 	lw r2,(r3+0)
 280:	28 42 00 00 	lw r2,(r2+0)
 284:	58 41 00 08 	sw (r2+8),r1
}
 288:	c3 a0 00 00 	ret

0000028c <_Z6pwm_wrh>:
pwm -> wr = vwr;
 28c:	78 03 00 00 	mvhi r3,0x0
 290:	38 63 07 48 	ori r3,r3,0x748
 294:	28 62 00 00 	lw r2,(r3+0)
void pwm_wr(uint8_t vwr){
 298:	20 21 00 ff 	andi r1,r1,0xff
pwm -> wr = vwr;
 29c:	28 42 00 00 	lw r2,(r2+0)
 2a0:	30 41 00 0c 	sb (r2+12),r1
}
 2a4:	c3 a0 00 00 	ret

000002a8 <_Z7pwm_dinj>:
pwm -> d_in = vd_in;
 2a8:	78 03 00 00 	mvhi r3,0x0
 2ac:	38 63 07 4c 	ori r3,r3,0x74c
 2b0:	28 62 00 00 	lw r2,(r3+0)
 2b4:	28 42 00 00 	lw r2,(r2+0)
 2b8:	58 41 00 10 	sw (r2+16),r1
}
 2bc:	c3 a0 00 00 	ret

000002c0 <_Z15gpio_config_dirj>:
	gpio0 -> dir = vdir;
 2c0:	78 03 00 00 	mvhi r3,0x0
 2c4:	38 63 07 50 	ori r3,r3,0x750
 2c8:	28 62 00 00 	lw r2,(r3+0)
 2cc:	28 42 00 00 	lw r2,(r2+0)
 2d0:	58 41 00 08 	sw (r2+8),r1
}
 2d4:	c3 a0 00 00 	ret

000002d8 <_Z10gpio_writej>:
	gpio0 -> wr = vpins;
 2d8:	78 03 00 00 	mvhi r3,0x0
 2dc:	38 63 07 54 	ori r3,r3,0x754
 2e0:	28 62 00 00 	lw r2,(r3+0)
 2e4:	28 42 00 00 	lw r2,(r2+0)
 2e8:	58 41 00 04 	sw (r2+4),r1
}
 2ec:	c3 a0 00 00 	ret

000002f0 <_Z9gpio_readv>:
	return gpio0 -> rd;
 2f0:	78 02 00 00 	mvhi r2,0x0
 2f4:	38 42 07 58 	ori r2,r2,0x758
 2f8:	28 41 00 00 	lw r1,(r2+0)
 2fc:	28 21 00 00 	lw r1,(r1+0)
 300:	28 21 00 00 	lw r1,(r1+0)
}
 304:	c3 a0 00 00 	ret

00000308 <_Z11irq_handlerj>:
{
 308:	37 9c ff f0 	addi sp,sp,-16
 30c:	5b 8b 00 10 	sw (sp+16),r11
 310:	5b 8c 00 0c 	sw (sp+12),r12
 314:	5b 8d 00 08 	sw (sp+8),r13
 318:	5b 9d 00 04 	sw (sp+4),ra
 31c:	78 02 00 00 	mvhi r2,0x0
 320:	38 42 07 5c 	ori r2,r2,0x75c
 324:	28 4b 00 00 	lw r11,(r2+0)
 328:	b8 20 60 00 	mv r12,r1
 32c:	35 6d 00 80 	addi r13,r11,128
		if (pending & 0x01) (*isr_table[i])();
 330:	21 81 00 01 	andi r1,r12,0x1
 334:	44 20 00 03 	be r1,r0,340 <_Z11irq_handlerj+0x38>
 338:	29 61 00 00 	lw r1,(r11+0)
 33c:	d8 20 00 00 	call r1
 340:	35 6b 00 04 	addi r11,r11,4
		pending >>= 1;
 344:	01 8c 00 01 	srui r12,r12,1
	for(i=0; i<32; i++) {
 348:	5d ab ff fa 	bne r13,r11,330 <_Z11irq_handlerj+0x28>
}
 34c:	2b 9d 00 04 	lw ra,(sp+4)
 350:	2b 8b 00 10 	lw r11,(sp+16)
 354:	2b 8c 00 0c 	lw r12,(sp+12)
 358:	2b 8d 00 08 	lw r13,(sp+8)
 35c:	37 9c 00 10 	addi sp,sp,16
 360:	c3 a0 00 00 	ret

00000364 <_Z8isr_initv>:
{
 364:	78 02 00 00 	mvhi r2,0x0
 368:	38 42 07 60 	ori r2,r2,0x760
 36c:	28 41 00 00 	lw r1,(r2+0)
 370:	78 02 00 00 	mvhi r2,0x0
 374:	38 42 07 64 	ori r2,r2,0x764
 378:	28 43 00 00 	lw r3,(r2+0)
 37c:	34 22 00 80 	addi r2,r1,128
		isr_table[i] = &isr_null;
 380:	58 23 00 00 	sw (r1+0),r3
 384:	34 21 00 04 	addi r1,r1,4
	for(i=0; i<32; i++)
 388:	5c 22 ff fe 	bne r1,r2,380 <_Z8isr_initv+0x1c>
}
 38c:	c3 a0 00 00 	ret

00000390 <_Z12isr_registeriPFvvE>:
	isr_table[irq] = isr;
 390:	78 04 00 00 	mvhi r4,0x0
 394:	38 84 07 68 	ori r4,r4,0x768
 398:	3c 23 00 02 	sli r3,r1,2
 39c:	28 81 00 00 	lw r1,(r4+0)
 3a0:	b4 23 08 00 	add r1,r1,r3
 3a4:	58 22 00 00 	sw (r1+0),r2
}
 3a8:	c3 a0 00 00 	ret

000003ac <_Z14isr_unregisteri>:
	isr_table[irq] = &isr_null;
 3ac:	78 03 00 00 	mvhi r3,0x0
 3b0:	38 63 07 6c 	ori r3,r3,0x76c
 3b4:	3c 22 00 02 	sli r2,r1,2
 3b8:	28 61 00 00 	lw r1,(r3+0)
 3bc:	78 03 00 00 	mvhi r3,0x0
 3c0:	38 63 07 70 	ori r3,r3,0x770
 3c4:	b4 22 08 00 	add r1,r1,r2
 3c8:	28 62 00 00 	lw r2,(r3+0)
 3cc:	58 22 00 00 	sw (r1+0),r2
}
 3d0:	c3 a0 00 00 	ret

000003d4 <_Z6msleepj>:
	timer0->compare1 = (FCPU/1000)*msec;
 3d4:	78 03 00 00 	mvhi r3,0x0
 3d8:	38 02 c3 50 	mvu r2,0xc350
 3dc:	38 63 07 74 	ori r3,r3,0x774
 3e0:	88 22 08 00 	mul r1,r1,r2
 3e4:	28 62 00 00 	lw r2,(r3+0)
 3e8:	28 42 00 00 	lw r2,(r2+0)
 3ec:	58 41 00 10 	sw (r2+16),r1
	timer0->counter1 = 0;
 3f0:	58 40 00 14 	sw (r2+20),r0
	timer0->tcr1 = TIMER_EN;
 3f4:	34 01 00 08 	mvi r1,8
 3f8:	58 41 00 0c 	sw (r2+12),r1
 		tcr = timer0->tcr1;
 3fc:	28 41 00 0c 	lw r1,(r2+12)
 	} while ( ! (tcr & TIMER_TRIG) );
 400:	20 21 00 01 	andi r1,r1,0x1
 404:	44 20 ff fe 	be r1,r0,3fc <_Z6msleepj+0x28>
}
 408:	c3 a0 00 00 	ret

0000040c <_Z6nsleepj>:
	timer0->compare1 = (FCPU/1000000)*nsec;
 40c:	78 03 00 00 	mvhi r3,0x0
 410:	38 63 07 78 	ori r3,r3,0x778
 414:	28 62 00 00 	lw r2,(r3+0)
 418:	08 21 00 32 	muli r1,r1,50
 41c:	28 42 00 00 	lw r2,(r2+0)
 420:	58 41 00 10 	sw (r2+16),r1
	timer0->counter1 = 0;
 424:	58 40 00 14 	sw (r2+20),r0
	timer0->tcr1 = TIMER_EN;
 428:	34 01 00 08 	mvi r1,8
 42c:	58 41 00 0c 	sw (r2+12),r1
 		tcr = timer0->tcr1;
 430:	28 41 00 0c 	lw r1,(r2+12)
 	} while ( ! (tcr & TIMER_TRIG) );
 434:	20 21 00 01 	andi r1,r1,0x1
 438:	44 20 ff fe 	be r1,r0,430 <_Z6nsleepj+0x24>
}
 43c:	c3 a0 00 00 	ret

00000440 <_Z8tic_initv>:
void tic_init()
{
	tic_msec = 0;

	// Setup timer0.0
	timer0->compare0 = (FCPU/10000);
 440:	78 02 00 00 	mvhi r2,0x0
 444:	38 42 07 7c 	ori r2,r2,0x77c
 448:	28 41 00 00 	lw r1,(r2+0)
	tic_msec = 0;
 44c:	78 03 00 00 	mvhi r3,0x0
	timer0->compare0 = (FCPU/10000);
 450:	34 02 13 88 	mvi r2,5000
 454:	28 21 00 00 	lw r1,(r1+0)
	tic_msec = 0;
 458:	38 63 07 80 	ori r3,r3,0x780
	timer0->compare0 = (FCPU/10000);
 45c:	58 22 00 04 	sw (r1+4),r2
	tic_msec = 0;
 460:	28 62 00 00 	lw r2,(r3+0)
	timer0->counter0 = 0;
 464:	58 20 00 08 	sw (r1+8),r0
	isr_table[irq] = isr;
 468:	78 03 00 00 	mvhi r3,0x0
	tic_msec = 0;
 46c:	58 40 00 00 	sw (r2+0),r0
	timer0->tcr0     = TIMER_EN | TIMER_AR | TIMER_IRQEN;
 470:	34 02 00 0e 	mvi r2,14
 474:	58 22 00 00 	sw (r1+0),r2
	isr_table[irq] = isr;
 478:	78 02 00 00 	mvhi r2,0x0
 47c:	38 42 07 84 	ori r2,r2,0x784
 480:	38 63 07 88 	ori r3,r3,0x788
 484:	28 41 00 00 	lw r1,(r2+0)
 488:	28 62 00 00 	lw r2,(r3+0)
 48c:	58 22 00 04 	sw (r1+4),r2

	isr_register(1, &tic_isr);
}
 490:	c3 a0 00 00 	ret

00000494 <_Z8i2c_initv>:
 * I2C Functions
 */
void i2c_init()
{

	i2c0->prerl =0x00;
 494:	78 02 00 00 	mvhi r2,0x0
 498:	38 42 07 8c 	ori r2,r2,0x78c
 49c:	28 41 00 00 	lw r1,(r2+0)
	i2c0->prerh =0x50;
 4a0:	34 02 00 50 	mvi r2,80
	i2c0->prerl =0x00;
 4a4:	28 21 00 00 	lw r1,(r1+0)
 4a8:	30 20 00 00 	sb (r1+0),r0
	i2c0->prerh =0x50;
 4ac:	30 22 00 01 	sb (r1+1),r2
	i2c0->ctr =0x80;
 4b0:	34 02 ff 80 	mvi r2,-128
 4b4:	30 22 00 02 	sb (r1+2),r2


}
 4b8:	c3 a0 00 00 	ret

000004bc <_Z9i2c_writeccc>:

void i2c_write(char addrDev, char addrReg, char dat)
{

   i2c0->TxRx=(addrDev<<1 +1);
 4bc:	78 05 00 00 	mvhi r5,0x0
 4c0:	38 a5 07 90 	ori r5,r5,0x790
 4c4:	28 a4 00 00 	lw r4,(r5+0)
 4c8:	3c 21 00 02 	sli r1,r1,2
{
 4cc:	20 42 00 ff 	andi r2,r2,0xff
   i2c0->TxRx=(addrDev<<1 +1);
 4d0:	28 84 00 00 	lw r4,(r4+0)
 4d4:	20 21 00 fc 	andi r1,r1,0xfc
{
 4d8:	20 63 00 ff 	andi r3,r3,0xff
   i2c0->TxRx=(addrDev<<1 +1);
 4dc:	30 81 00 03 	sb (r4+3),r1
   i2c0->crsr =0x90;
 4e0:	34 01 ff 90 	mvi r1,-112
 4e4:	30 81 00 04 	sb (r4+4),r1
   while((i2c0->crsr)& I2C_TIP);
 4e8:	40 81 00 04 	lbu r1,(r4+4)
 4ec:	20 21 00 02 	andi r1,r1,0x2
 4f0:	5c 20 ff fe 	bne r1,r0,4e8 <_Z9i2c_writeccc+0x2c>
   i2c0->TxRx=addrReg;
 4f4:	30 82 00 03 	sb (r4+3),r2
   i2c0->crsr =0x10;
 4f8:	34 01 00 10 	mvi r1,16
 4fc:	30 81 00 04 	sb (r4+4),r1
   while((i2c0->crsr)& I2C_TIP);
 500:	40 81 00 04 	lbu r1,(r4+4)
 504:	20 21 00 02 	andi r1,r1,0x2
 508:	5c 20 ff fe 	bne r1,r0,500 <_Z9i2c_writeccc+0x44>
   
   i2c0->TxRx=dat;
 50c:	30 83 00 03 	sb (r4+3),r3
   i2c0->crsr =0x10;
 510:	34 01 00 10 	mvi r1,16
 514:	30 81 00 04 	sb (r4+4),r1
   while((i2c0->crsr)& I2C_TIP);
 518:	40 81 00 04 	lbu r1,(r4+4)
 51c:	20 21 00 02 	andi r1,r1,0x2
 520:	5c 20 ff fe 	bne r1,r0,518 <_Z9i2c_writeccc+0x5c>
//........... todo byte 70 9

   i2c0->TxRx=dat; // last byte
 524:	30 83 00 03 	sb (r4+3),r3
   i2c0->crsr =0x50;
 528:	34 01 00 50 	mvi r1,80
 52c:	30 81 00 04 	sb (r4+4),r1
   while((i2c0->crsr)& I2C_TIP);
 530:	40 81 00 04 	lbu r1,(r4+4)
 534:	20 21 00 02 	andi r1,r1,0x2
 538:	5c 20 ff fe 	bne r1,r0,530 <_Z9i2c_writeccc+0x74>
//7

}
 53c:	c3 a0 00 00 	ret

00000540 <_ZN3pwm7pwm_selEiib>:
#include "pwm.h"
#include "soc-hw.h"

void pwm::pwm_sel(int b, int c, bool en){
 540:	37 9c ff e8 	addi sp,sp,-24
 544:	5b 8b 00 18 	sw (sp+24),r11
 548:	5b 8c 00 14 	sw (sp+20),r12
 54c:	5b 8d 00 10 	sw (sp+16),r13
 550:	5b 8e 00 0c 	sw (sp+12),r14
 554:	5b 8f 00 08 	sw (sp+8),r15
 558:	5b 9d 00 04 	sw (sp+4),ra
uint8_t Rd=0;
uint8_t Wr=1;
uint32_t dint=1000;
uint32_t dind;

uint32_t e=b*12;
 55c:	08 4b 00 0c 	muli r11,r2,12
uint32_t t=e+4;

if(c==1){
dind=35;
}
if(c==2){
 560:	34 01 00 02 	mvi r1,2
void pwm::pwm_sel(int b, int c, bool en){
 564:	20 8f 00 ff 	andi r15,r4,0xff
uint32_t d=e+8;
 568:	35 6d 00 08 	addi r13,r11,8
uint32_t t=e+4;
 56c:	35 6e 00 04 	addi r14,r11,4
dind=130;
 570:	34 0c 00 82 	mvi r12,130
if(c==2){
 574:	44 61 00 04 	be r3,r1,584 <_ZN3pwm7pwm_selEiib+0x44>
}
if(c==3){
 578:	34 01 00 03 	mvi r1,3
dind=230;
 57c:	34 0c 00 e6 	mvi r12,230
if(c==3){
 580:	5c 61 00 19 	bne r3,r1,5e4 <_ZN3pwm7pwm_selEiib+0xa4>
e=e+48;
d=e+8;
t=e+4;
}

pwm_wr(Wr); pwm_rd(Rd);
 584:	34 01 00 01 	mvi r1,1
 588:	fb ff ff 41 	calli 28c <_Z6pwm_wrh>
 58c:	34 01 00 00 	mvi r1,0
 590:	fb ff ff 32 	calli 258 <_Z6pwm_rdh>
pwm_addr(t); pwm_din(dint);
 594:	b9 c0 08 00 	mv r1,r14
 598:	fb ff ff 37 	calli 274 <_Z8pwm_addrj>
 59c:	34 01 03 e8 	mvi r1,1000
 5a0:	fb ff ff 42 	calli 2a8 <_Z7pwm_dinj>

pwm_addr(d); pwm_din(dind);
 5a4:	b9 a0 08 00 	mv r1,r13
 5a8:	fb ff ff 33 	calli 274 <_Z8pwm_addrj>
 5ac:	b9 80 08 00 	mv r1,r12
 5b0:	fb ff ff 3e 	calli 2a8 <_Z7pwm_dinj>

pwm_addr(e); pwm_din(en);
 5b4:	b9 60 08 00 	mv r1,r11
 5b8:	fb ff ff 2f 	calli 274 <_Z8pwm_addrj>
 5bc:	b9 e0 08 00 	mv r1,r15
 5c0:	fb ff ff 3a 	calli 2a8 <_Z7pwm_dinj>


};
 5c4:	2b 9d 00 04 	lw ra,(sp+4)
 5c8:	2b 8b 00 18 	lw r11,(sp+24)
 5cc:	2b 8c 00 14 	lw r12,(sp+20)
 5d0:	2b 8d 00 10 	lw r13,(sp+16)
 5d4:	2b 8e 00 0c 	lw r14,(sp+12)
 5d8:	2b 8f 00 08 	lw r15,(sp+8)
 5dc:	37 9c 00 18 	addi sp,sp,24
 5e0:	c3 a0 00 00 	ret
if(c==4){
 5e4:	34 01 00 04 	mvi r1,4
 5e8:	5c 61 00 06 	bne r3,r1,600 <_ZN3pwm7pwm_selEiib+0xc0>
d=e+8;
 5ec:	35 6d 00 38 	addi r13,r11,56
t=e+4;
 5f0:	35 6e 00 34 	addi r14,r11,52
dind=35;
 5f4:	34 0c 00 23 	mvi r12,35
e=e+48;
 5f8:	35 6b 00 30 	addi r11,r11,48
 5fc:	e3 ff ff e2 	bi 584 <_ZN3pwm7pwm_selEiib+0x44>
if(c==5){
 600:	34 01 00 05 	mvi r1,5
 604:	34 0c 00 23 	mvi r12,35
 608:	5c 61 ff df 	bne r3,r1,584 <_ZN3pwm7pwm_selEiib+0x44>
d=e+8;
 60c:	35 6d 00 38 	addi r13,r11,56
t=e+4;
 610:	35 6e 00 34 	addi r14,r11,52
dind=230;
 614:	34 0c 00 e6 	mvi r12,230
e=e+48;
 618:	35 6b 00 30 	addi r11,r11,48
 61c:	e3 ff ff da 	bi 584 <_ZN3pwm7pwm_selEiib+0x44>

00000620 <_ZN3pwm5brazoEi>:

int pwm::brazo(int d){
int m;
if(d==1){m=0;}
if(d==2){m=1;}
 620:	34 03 00 02 	mvi r3,2
 624:	34 01 00 01 	mvi r1,1
 628:	44 43 00 04 	be r2,r3,638 <_ZN3pwm5brazoEi+0x18>
if(d==3){m=2;}
 62c:	34 03 00 03 	mvi r3,3
 630:	34 01 00 02 	mvi r1,2
 634:	5c 43 00 02 	bne r2,r3,63c <_ZN3pwm5brazoEi+0x1c>
if(d==4){m=3;}
return m;
};
 638:	c3 a0 00 00 	ret
if(d==4){m=3;}
 63c:	34 03 00 04 	mvi r3,4
 640:	34 01 00 00 	mvi r1,0
 644:	5c 43 ff fd 	bne r2,r3,638 <_ZN3pwm5brazoEi+0x18>
 648:	34 01 00 03 	mvi r1,3
};
 64c:	c3 a0 00 00 	ret

00000650 <_ZN5timer6nsleepEi>:
void timer::nsleep(int nsec)
{
	int tcr;

	// Use timer0.1
	timer0->compare1 = (FCPU/1000000)*nsec;
 650:	78 03 00 00 	mvhi r3,0x0
 654:	38 63 07 94 	ori r3,r3,0x794
 658:	28 61 00 00 	lw r1,(r3+0)
 65c:	08 42 00 32 	muli r2,r2,50
 660:	28 23 00 00 	lw r3,(r1+0)
	timer0->counter1 = 0;
	timer0->tcr1 = TIMER_EN;
 664:	34 01 00 08 	mvi r1,8
	timer0->compare1 = (FCPU/1000000)*nsec;
 668:	58 62 00 10 	sw (r3+16),r2
	timer0->counter1 = 0;
 66c:	58 60 00 14 	sw (r3+20),r0
	timer0->tcr1 = TIMER_EN;
 670:	58 61 00 0c 	sw (r3+12),r1

	do {
		//halt();
 		tcr = timer0->tcr1;
 674:	28 61 00 0c 	lw r1,(r3+12)
 	} while ( ! (tcr & TIMER_TRIG) );
 678:	20 21 00 01 	andi r1,r1,0x1
 67c:	44 20 ff fe 	be r1,r0,674 <_ZN5timer6nsleepEi+0x24>
};
 680:	c3 a0 00 00 	ret

00000684 <_ZN4uart9uart_initEv>:
	//uart0->lcr = 0x03;  // Line Control Register:    8N1
	//uart0->mcr = 0x00;  // Modem Control Register

	// Setup Divisor register (Fclk / Baud)
	//uart0->div = (FCPU/(57600*16));
}
 684:	c3 a0 00 00 	ret

00000688 <_ZN4uart12uart_getcharEv>:

char uart::uart_getchar()
{   
	while (! (uart0->ucr & UART_DR)) ;
 688:	78 02 00 00 	mvhi r2,0x0
 68c:	38 42 07 98 	ori r2,r2,0x798
 690:	28 41 00 00 	lw r1,(r2+0)
 694:	28 22 00 00 	lw r2,(r1+0)
 698:	28 41 00 00 	lw r1,(r2+0)
 69c:	20 21 00 01 	andi r1,r1,0x1
 6a0:	44 20 ff fe 	be r1,r0,698 <_ZN4uart12uart_getcharEv+0x10>
	return uart0->rxtx;
 6a4:	28 41 00 04 	lw r1,(r2+4)
}
 6a8:	20 21 00 ff 	andi r1,r1,0xff
 6ac:	c3 a0 00 00 	ret

000006b0 <_ZN4uart12uart_putcharEc>:

void uart::uart_putchar(char c)
{
	while (uart0->ucr & UART_BUSY) ;
 6b0:	78 03 00 00 	mvhi r3,0x0
 6b4:	38 63 07 9c 	ori r3,r3,0x79c
 6b8:	28 61 00 00 	lw r1,(r3+0)
{
 6bc:	20 42 00 ff 	andi r2,r2,0xff
	while (uart0->ucr & UART_BUSY) ;
 6c0:	28 23 00 00 	lw r3,(r1+0)
 6c4:	28 61 00 00 	lw r1,(r3+0)
 6c8:	20 21 00 10 	andi r1,r1,0x10
 6cc:	5c 20 ff fe 	bne r1,r0,6c4 <_ZN4uart12uart_putcharEc+0x14>
	uart0->rxtx = c;
 6d0:	58 62 00 04 	sw (r3+4),r2
}
 6d4:	c3 a0 00 00 	ret

000006d8 <_ZN4uart11uart_putstrEPc>:

void uart::uart_putstr(char *str)
{
	char *c = str;
	while(*c) {
 6d8:	40 44 00 00 	lbu r4,(r2+0)
 6dc:	44 80 00 0c 	be r4,r0,70c <_ZN4uart11uart_putstrEPc+0x34>
	while (uart0->ucr & UART_BUSY) ;
 6e0:	78 03 00 00 	mvhi r3,0x0
 6e4:	38 63 07 a0 	ori r3,r3,0x7a0
 6e8:	28 61 00 00 	lw r1,(r3+0)
 6ec:	28 23 00 00 	lw r3,(r1+0)
 6f0:	28 61 00 00 	lw r1,(r3+0)
 6f4:	20 21 00 10 	andi r1,r1,0x10
 6f8:	5c 20 ff fe 	bne r1,r0,6f0 <_ZN4uart11uart_putstrEPc+0x18>
	uart0->rxtx = c;
 6fc:	58 64 00 04 	sw (r3+4),r4
		uart_putchar(*c);
		c++;
 700:	34 42 00 01 	addi r2,r2,1
	while(*c) {
 704:	40 44 00 00 	lbu r4,(r2+0)
 708:	5c 80 ff fa 	bne r4,r0,6f0 <_ZN4uart11uart_putstrEPc+0x18>
	}
}
 70c:	c3 a0 00 00 	ret

00000710 <_ZN4uart11uart_getintEv>:

int uart::uart_getint()
{   
	while (! (uart0->ucr & UART_DR)) ;
 710:	78 02 00 00 	mvhi r2,0x0
 714:	38 42 07 a4 	ori r2,r2,0x7a4
 718:	28 41 00 00 	lw r1,(r2+0)
 71c:	28 22 00 00 	lw r2,(r1+0)
 720:	28 41 00 00 	lw r1,(r2+0)
 724:	20 21 00 01 	andi r1,r1,0x1
 728:	44 20 ff fe 	be r1,r0,720 <_ZN4uart11uart_getintEv+0x10>
	return uart0->rxtx;
 72c:	28 41 00 04 	lw r1,(r2+4)
}
 730:	c3 a0 00 00 	ret
