
image:     file format elf32-lm32

Sections:
Idx Name          Size      VMA       LMA       File off  Algn
  0 .text         000009b4  00000000  00000000  00000054  2**2
                  CONTENTS, ALLOC, LOAD, CODE
  1 .rodata       00000094  000009b4  000009b4  00000a08  2**2
                  CONTENTS, ALLOC, LOAD, READONLY, DATA
  2 .data         00000018  00000a48  00000a48  00000a9c  2**2
                  CONTENTS, ALLOC, LOAD, DATA
  3 .bss          00000084  00000a60  00000a60  00000ab4  2**2
                  ALLOC
  4 .debug_frame  0000038c  00000000  00000000  00000ab4  2**2
                  CONTENTS, READONLY, DEBUGGING
  5 .debug_info   00001c41  00000000  00000000  00000e40  2**0
                  CONTENTS, READONLY, DEBUGGING
  6 .debug_abbrev 000009ac  00000000  00000000  00002a81  2**0
                  CONTENTS, READONLY, DEBUGGING
  7 .debug_loc    00000575  00000000  00000000  0000342d  2**0
                  CONTENTS, READONLY, DEBUGGING
  8 .debug_aranges 000000c0  00000000  00000000  000039a2  2**0
                  CONTENTS, READONLY, DEBUGGING
  9 .debug_ranges 00000028  00000000  00000000  00003a62  2**0
                  CONTENTS, READONLY, DEBUGGING
 10 .debug_line   000009ad  00000000  00000000  00003a8a  2**0
                  CONTENTS, READONLY, DEBUGGING
 11 .debug_str    0000069f  00000000  00000000  00004437  2**0
                  CONTENTS, READONLY, DEBUGGING
 12 .comment      00000011  00000000  00000000  00004ad6  2**0
                  CONTENTS, READONLY

Disassembly of section .text:

00000000 <_ftext>:
   0:	98 00 00 00 	xor r0,r0,r0
   4:	d0 00 00 00 	wcsr IE,r0
   8:	78 01 00 00 	mvhi r1,0x0
   c:	38 21 00 00 	ori r1,r1,0x0
  10:	d0 e1 00 00 	wcsr EBA,r1
  14:	f8 00 00 33 	calli e0 <_crt0>
  18:	34 00 00 00 	nop
  1c:	34 00 00 00 	nop

00000020 <_breakpoint_handler>:
  20:	34 00 00 00 	nop
  24:	34 00 00 00 	nop
  28:	34 00 00 00 	nop
  2c:	34 00 00 00 	nop
  30:	34 00 00 00 	nop
  34:	34 00 00 00 	nop
  38:	34 00 00 00 	nop
  3c:	34 00 00 00 	nop

00000040 <_ibuserror_handler>:
  40:	34 00 00 00 	nop
  44:	34 00 00 00 	nop
  48:	34 00 00 00 	nop
  4c:	34 00 00 00 	nop
  50:	34 00 00 00 	nop
  54:	34 00 00 00 	nop
  58:	34 00 00 00 	nop
  5c:	34 00 00 00 	nop

00000060 <_watchpoint_handler>:
  60:	34 00 00 00 	nop
  64:	34 00 00 00 	nop
  68:	34 00 00 00 	nop
  6c:	34 00 00 00 	nop
  70:	34 00 00 00 	nop
  74:	34 00 00 00 	nop
  78:	34 00 00 00 	nop
  7c:	34 00 00 00 	nop

00000080 <_dbuserror_handler>:
  80:	34 00 00 00 	nop
  84:	34 00 00 00 	nop
  88:	34 00 00 00 	nop
  8c:	34 00 00 00 	nop
  90:	34 00 00 00 	nop
  94:	34 00 00 00 	nop
  98:	34 00 00 00 	nop
  9c:	34 00 00 00 	nop

000000a0 <_divzero_handler>:
  a0:	34 00 00 00 	nop
  a4:	34 00 00 00 	nop
  a8:	34 00 00 00 	nop
  ac:	34 00 00 00 	nop
  b0:	34 00 00 00 	nop
  b4:	34 00 00 00 	nop
  b8:	34 00 00 00 	nop
  bc:	34 00 00 00 	nop

000000c0 <_scall_handler>:
  c0:	34 00 00 00 	nop
  c4:	34 00 00 00 	nop
  c8:	34 00 00 00 	nop
  cc:	34 00 00 00 	nop
  d0:	34 00 00 00 	nop
  d4:	34 00 00 00 	nop
  d8:	34 00 00 00 	nop
  dc:	34 00 00 00 	nop

000000e0 <_crt0>:
  e0:	78 1c 00 00 	mvhi sp,0x0
  e4:	3b 9c 0f fc 	ori sp,sp,0xffc
  e8:	78 1a 00 00 	mvhi gp,0x0
  ec:	3b 5a 0a 60 	ori gp,gp,0xa60
  f0:	78 01 00 00 	mvhi r1,0x0
  f4:	38 21 0a 60 	ori r1,r1,0xa60
  f8:	78 03 00 00 	mvhi r3,0x0
  fc:	38 63 0a e4 	ori r3,r3,0xae4

00000100 <.clearBSS>:
 100:	44 23 00 04 	be r1,r3,110 <.callMain>
 104:	58 20 00 00 	sw (r1+0),r0
 108:	34 21 00 04 	addi r1,r1,4
 10c:	e3 ff ff fd 	bi 100 <.clearBSS>

00000110 <.callMain>:
 110:	34 01 00 00 	mvi r1,0
 114:	34 02 00 00 	mvi r2,0
 118:	34 03 00 00 	mvi r3,0
 11c:	f8 00 00 33 	calli 1e8 <main>

00000120 <irq_enable>:
 120:	34 01 00 01 	mvi r1,1
 124:	d0 01 00 00 	wcsr IE,r1
 128:	c3 a0 00 00 	ret

0000012c <irq_disable>:
 12c:	34 01 00 00 	mvi r1,0
 130:	d0 01 00 00 	wcsr IE,r1
 134:	c3 a0 00 00 	ret

00000138 <irq_set_mask>:
 138:	d0 21 00 00 	wcsr IM,r1
 13c:	c3 a0 00 00 	ret

00000140 <irq_get_mask>:
 140:	90 20 08 00 	rcsr r1,IM
 144:	c3 a0 00 00 	ret

00000148 <jump>:
 148:	c0 20 00 00 	b r1

0000014c <halt>:
 14c:	e0 00 00 00 	bi 14c <halt>

00000150 <_save_all>:
 150:	37 9c ff 80 	addi sp,sp,-128
 154:	5b 81 00 04 	sw (sp+4),r1
 158:	5b 82 00 08 	sw (sp+8),r2
 15c:	5b 83 00 0c 	sw (sp+12),r3
 160:	5b 84 00 10 	sw (sp+16),r4
 164:	5b 85 00 14 	sw (sp+20),r5
 168:	5b 86 00 18 	sw (sp+24),r6
 16c:	5b 87 00 1c 	sw (sp+28),r7
 170:	5b 88 00 20 	sw (sp+32),r8
 174:	5b 89 00 24 	sw (sp+36),r9
 178:	5b 8a 00 28 	sw (sp+40),r10
 17c:	5b 9e 00 78 	sw (sp+120),ea
 180:	5b 9f 00 7c 	sw (sp+124),ba
 184:	2b 81 00 80 	lw r1,(sp+128)
 188:	5b 81 00 74 	sw (sp+116),r1
 18c:	bb 80 08 00 	mv r1,sp
 190:	34 21 00 80 	addi r1,r1,128
 194:	5b 81 00 70 	sw (sp+112),r1
 198:	c3 a0 00 00 	ret

0000019c <_restore_all_and_eret>:
 19c:	2b 81 00 04 	lw r1,(sp+4)
 1a0:	2b 82 00 08 	lw r2,(sp+8)
 1a4:	2b 83 00 0c 	lw r3,(sp+12)
 1a8:	2b 84 00 10 	lw r4,(sp+16)
 1ac:	2b 85 00 14 	lw r5,(sp+20)
 1b0:	2b 86 00 18 	lw r6,(sp+24)
 1b4:	2b 87 00 1c 	lw r7,(sp+28)
 1b8:	2b 88 00 20 	lw r8,(sp+32)
 1bc:	2b 89 00 24 	lw r9,(sp+36)
 1c0:	2b 8a 00 28 	lw r10,(sp+40)
 1c4:	2b 9d 00 74 	lw ra,(sp+116)
 1c8:	2b 9e 00 78 	lw ea,(sp+120)
 1cc:	2b 9f 00 7c 	lw ba,(sp+124)
 1d0:	2b 9c 00 70 	lw sp,(sp+112)
 1d4:	c3 c0 00 00 	eret

000001d8 <get_sp>:
 1d8:	bb 80 08 00 	mv r1,sp
 1dc:	c3 a0 00 00 	ret

000001e0 <get_gp>:
 1e0:	bb 40 08 00 	mv r1,gp
 1e4:	c3 a0 00 00 	ret

000001e8 <main>:
#include "uart.h"
#include "camera.h"


int main()
{	
 1e8:	37 9c ff d0 	addi sp,sp,-48
 1ec:	5b 8b 00 18 	sw (sp+24),r11
 1f0:	5b 8c 00 14 	sw (sp+20),r12
 1f4:	5b 8d 00 10 	sw (sp+16),r13
 1f8:	5b 8e 00 0c 	sw (sp+12),r14
 1fc:	5b 8f 00 08 	sw (sp+8),r15
 200:	5b 9d 00 04 	sw (sp+4),ra
   while(1)
   {
	
		com=comando.uart_getchar();	
		comando.uart_putchar(com);
		if(com==0xF0)
 204:	34 0c 00 f0 	mvi r12,240
		comando.uart_putchar(0xF0);
			camara.cam_tomar(on);	
		dato=camara.cam_dato();
		comando.uart_putchar(dato);	
		}
		if(com==0xF1)
 208:	34 0d 00 f1 	mvi r13,241
		comando.uart_putchar(0xF1);
		camara.cam_tomar(off);
		dato=camara.cam_dato();
		comando.uart_putchar(dato);		
		}
		if(com==0XFE)
 20c:	34 0e 00 fe 	mvi r14,254
		camara.cam_ver(on);
		dato=camara.cam_dato();
		comando.uart_putchar(dato);
				
		}
		if(com==0XFF)
 210:	34 0f 00 ff 	mvi r15,255
		com=comando.uart_getchar();	
 214:	37 81 00 1c 	addi r1,sp,28
 218:	f8 00 01 9b 	calli 884 <_ZN4uart12uart_getcharEv>
 21c:	b8 20 58 00 	mv r11,r1
		comando.uart_putchar(com);
 220:	b8 20 10 00 	mv r2,r1
 224:	37 81 00 1c 	addi r1,sp,28
 228:	f8 00 01 a1 	calli 8ac <_ZN4uart12uart_putcharEc>
		if(com==0xF0)
 22c:	45 6c 00 11 	be r11,r12,270 <main+0x88>
		if(com==0xF1)
 230:	45 6d 00 23 	be r11,r13,2bc <main+0xd4>
		if(com==0XFE)
 234:	45 6e 00 16 	be r11,r14,28c <main+0xa4>
		if(com==0XFF)
 238:	5d 6f ff f7 	bne r11,r15,214 <main+0x2c>
		{
		comando.uart_putchar(0XFF);	
 23c:	37 81 00 1c 	addi r1,sp,28
 240:	34 02 00 ff 	mvi r2,255
 244:	f8 00 01 9a 	calli 8ac <_ZN4uart12uart_putcharEc>
		camara.cam_ver(off);
 248:	34 02 00 00 	mvi r2,0
 24c:	37 81 00 24 	addi r1,sp,36
 250:	f8 00 01 bf 	calli 94c <_ZN6camera7cam_verEi>
		com=comando.uart_getchar();	
 254:	37 81 00 1c 	addi r1,sp,28
 258:	f8 00 01 8b 	calli 884 <_ZN4uart12uart_getcharEv>
 25c:	b8 20 58 00 	mv r11,r1
		comando.uart_putchar(com);
 260:	b8 20 10 00 	mv r2,r1
 264:	37 81 00 1c 	addi r1,sp,28
 268:	f8 00 01 91 	calli 8ac <_ZN4uart12uart_putcharEc>
		if(com==0xF0)
 26c:	5d 6c ff f1 	bne r11,r12,230 <main+0x48>
		comando.uart_putchar(0xF0);
 270:	37 81 00 1c 	addi r1,sp,28
 274:	34 02 00 f0 	mvi r2,240
 278:	f8 00 01 8d 	calli 8ac <_ZN4uart12uart_putcharEc>
			camara.cam_tomar(on);	
 27c:	34 02 00 01 	mvi r2,1
 280:	37 81 00 24 	addi r1,sp,36
 284:	f8 00 01 ab 	calli 930 <_ZN6camera9cam_tomarEi>
 288:	e0 00 00 07 	bi 2a4 <main+0xbc>
		comando.uart_putchar(0XFE);
 28c:	37 81 00 1c 	addi r1,sp,28
 290:	34 02 00 fe 	mvi r2,254
 294:	f8 00 01 86 	calli 8ac <_ZN4uart12uart_putcharEc>
		camara.cam_ver(on);
 298:	34 02 00 01 	mvi r2,1
 29c:	37 81 00 24 	addi r1,sp,36
 2a0:	f8 00 01 ab 	calli 94c <_ZN6camera7cam_verEi>
		dato=camara.cam_dato();
 2a4:	37 81 00 24 	addi r1,sp,36
 2a8:	f8 00 01 b0 	calli 968 <_ZN6camera8cam_datoEv>
		comando.uart_putchar(dato);
 2ac:	b8 20 10 00 	mv r2,r1
 2b0:	37 81 00 1c 	addi r1,sp,28
 2b4:	f8 00 01 7e 	calli 8ac <_ZN4uart12uart_putcharEc>
 2b8:	e3 ff ff d7 	bi 214 <main+0x2c>
		comando.uart_putchar(0xF1);
 2bc:	37 81 00 1c 	addi r1,sp,28
 2c0:	34 02 00 f1 	mvi r2,241
 2c4:	f8 00 01 7a 	calli 8ac <_ZN4uart12uart_putcharEc>
		camara.cam_tomar(off);
 2c8:	34 02 00 00 	mvi r2,0
 2cc:	37 81 00 24 	addi r1,sp,36
 2d0:	f8 00 01 98 	calli 930 <_ZN6camera9cam_tomarEi>
 2d4:	e3 ff ff f4 	bi 2a4 <main+0xbc>

000002d8 <_Z7tic_isrv>:

uint32_t tic_msec;

void tic_isr()
{
	tic_msec++;
 2d8:	78 01 00 00 	mvhi r1,0x0
 2dc:	38 21 09 b4 	ori r1,r1,0x9b4
 2e0:	28 22 00 00 	lw r2,(r1+0)
	timer0->tcr0     = TIMER_EN | TIMER_AR | TIMER_IRQEN;
 2e4:	78 04 00 00 	mvhi r4,0x0
 2e8:	38 84 09 b8 	ori r4,r4,0x9b8
 2ec:	28 83 00 00 	lw r3,(r4+0)
	tic_msec++;
 2f0:	28 41 00 00 	lw r1,(r2+0)
	timer0->tcr0     = TIMER_EN | TIMER_AR | TIMER_IRQEN;
 2f4:	28 63 00 00 	lw r3,(r3+0)
	tic_msec++;
 2f8:	34 21 00 01 	addi r1,r1,1
 2fc:	58 41 00 00 	sw (r2+0),r1
	timer0->tcr0     = TIMER_EN | TIMER_AR | TIMER_IRQEN;
 300:	34 01 00 0e 	mvi r1,14
 304:	58 61 00 00 	sw (r3+0),r1
}
 308:	c3 a0 00 00 	ret

0000030c <_Z8isr_nullv>:
 30c:	c3 a0 00 00 	ret

00000310 <_Z8cam_readv>:
	return cam -> d_out;
 310:	78 02 00 00 	mvhi r2,0x0
 314:	38 42 09 bc 	ori r2,r2,0x9bc
 318:	28 41 00 00 	lw r1,(r2+0)
 31c:	28 21 00 00 	lw r1,(r1+0)
 320:	28 21 00 00 	lw r1,(r1+0)
}
 324:	c3 a0 00 00 	ret

00000328 <_Z15cam_takepictureh>:
cam -> takepicture  = vtakepicture;
 328:	78 03 00 00 	mvhi r3,0x0
 32c:	38 63 09 c0 	ori r3,r3,0x9c0
 330:	28 62 00 00 	lw r2,(r3+0)
void cam_takepicture (uint8_t vtakepicture ){
 334:	20 21 00 ff 	andi r1,r1,0xff
cam -> takepicture  = vtakepicture;
 338:	28 42 00 00 	lw r2,(r2+0)
 33c:	30 41 00 04 	sb (r2+4),r1
}
 340:	c3 a0 00 00 	ret

00000344 <_Z8cam_leerj>:
cam -> leer = vleer;
 344:	78 03 00 00 	mvhi r3,0x0
 348:	38 63 09 c4 	ori r3,r3,0x9c4
 34c:	28 62 00 00 	lw r2,(r3+0)
 350:	28 42 00 00 	lw r2,(r2+0)
 354:	58 41 00 08 	sw (r2+8),r1
}
 358:	c3 a0 00 00 	ret

0000035c <_Z11cam_resetwrh>:
cam -> resetwr   = vresetwr;
 35c:	78 03 00 00 	mvhi r3,0x0
 360:	38 63 09 c8 	ori r3,r3,0x9c8
 364:	28 62 00 00 	lw r2,(r3+0)
void cam_resetwr  (uint8_t vresetwr){
 368:	20 21 00 ff 	andi r1,r1,0xff
cam -> resetwr   = vresetwr;
 36c:	28 42 00 00 	lw r2,(r2+0)
 370:	30 41 00 0c 	sb (r2+12),r1
}
 374:	c3 a0 00 00 	ret

00000378 <_Z11cam_resetrdj>:
cam -> resetrd = vresetrd;
 378:	78 03 00 00 	mvhi r3,0x0
 37c:	38 63 09 cc 	ori r3,r3,0x9cc
 380:	28 62 00 00 	lw r2,(r3+0)
 384:	28 42 00 00 	lw r2,(r2+0)
 388:	58 41 00 10 	sw (r2+16),r1
}
 38c:	c3 a0 00 00 	ret

00000390 <_Z8pwm_readv>:
	return pwm -> d_out;
 390:	78 02 00 00 	mvhi r2,0x0
 394:	38 42 09 d0 	ori r2,r2,0x9d0
 398:	28 41 00 00 	lw r1,(r2+0)
 39c:	28 21 00 00 	lw r1,(r1+0)
 3a0:	28 21 00 00 	lw r1,(r1+0)
}
 3a4:	c3 a0 00 00 	ret

000003a8 <_Z6pwm_rdh>:
pwm -> rd = vrd;
 3a8:	78 03 00 00 	mvhi r3,0x0
 3ac:	38 63 09 d4 	ori r3,r3,0x9d4
 3b0:	28 62 00 00 	lw r2,(r3+0)
void pwm_rd(uint8_t vrd){
 3b4:	20 21 00 ff 	andi r1,r1,0xff
pwm -> rd = vrd;
 3b8:	28 42 00 00 	lw r2,(r2+0)
 3bc:	30 41 00 04 	sb (r2+4),r1
}
 3c0:	c3 a0 00 00 	ret

000003c4 <_Z8pwm_addrj>:
pwm -> addr = vaddr;
 3c4:	78 03 00 00 	mvhi r3,0x0
 3c8:	38 63 09 d8 	ori r3,r3,0x9d8
 3cc:	28 62 00 00 	lw r2,(r3+0)
 3d0:	28 42 00 00 	lw r2,(r2+0)
 3d4:	58 41 00 08 	sw (r2+8),r1
}
 3d8:	c3 a0 00 00 	ret

000003dc <_Z6pwm_wrh>:
pwm -> wr = vwr;
 3dc:	78 03 00 00 	mvhi r3,0x0
 3e0:	38 63 09 dc 	ori r3,r3,0x9dc
 3e4:	28 62 00 00 	lw r2,(r3+0)
void pwm_wr(uint8_t vwr){
 3e8:	20 21 00 ff 	andi r1,r1,0xff
pwm -> wr = vwr;
 3ec:	28 42 00 00 	lw r2,(r2+0)
 3f0:	30 41 00 0c 	sb (r2+12),r1
}
 3f4:	c3 a0 00 00 	ret

000003f8 <_Z7pwm_dinj>:
pwm -> d_in = vd_in;
 3f8:	78 03 00 00 	mvhi r3,0x0
 3fc:	38 63 09 e0 	ori r3,r3,0x9e0
 400:	28 62 00 00 	lw r2,(r3+0)
 404:	28 42 00 00 	lw r2,(r2+0)
 408:	58 41 00 10 	sw (r2+16),r1
}
 40c:	c3 a0 00 00 	ret

00000410 <_Z15gpio_config_dirj>:
	gpio0 -> dir = vdir;
 410:	78 03 00 00 	mvhi r3,0x0
 414:	38 63 09 e4 	ori r3,r3,0x9e4
 418:	28 62 00 00 	lw r2,(r3+0)
 41c:	28 42 00 00 	lw r2,(r2+0)
 420:	58 41 00 08 	sw (r2+8),r1
}
 424:	c3 a0 00 00 	ret

00000428 <_Z10gpio_writej>:
	gpio0 -> wr = vpins;
 428:	78 03 00 00 	mvhi r3,0x0
 42c:	38 63 09 e8 	ori r3,r3,0x9e8
 430:	28 62 00 00 	lw r2,(r3+0)
 434:	28 42 00 00 	lw r2,(r2+0)
 438:	58 41 00 04 	sw (r2+4),r1
}
 43c:	c3 a0 00 00 	ret

00000440 <_Z9gpio_readv>:
	return gpio0 -> rd;
 440:	78 02 00 00 	mvhi r2,0x0
 444:	38 42 09 ec 	ori r2,r2,0x9ec
 448:	28 41 00 00 	lw r1,(r2+0)
 44c:	28 21 00 00 	lw r1,(r1+0)
 450:	28 21 00 00 	lw r1,(r1+0)
}
 454:	c3 a0 00 00 	ret

00000458 <_Z11irq_handlerj>:
{
 458:	37 9c ff f0 	addi sp,sp,-16
 45c:	5b 8b 00 10 	sw (sp+16),r11
 460:	5b 8c 00 0c 	sw (sp+12),r12
 464:	5b 8d 00 08 	sw (sp+8),r13
 468:	5b 9d 00 04 	sw (sp+4),ra
 46c:	78 02 00 00 	mvhi r2,0x0
 470:	38 42 09 f0 	ori r2,r2,0x9f0
 474:	28 4b 00 00 	lw r11,(r2+0)
 478:	b8 20 60 00 	mv r12,r1
 47c:	35 6d 00 80 	addi r13,r11,128
		if (pending & 0x01) (*isr_table[i])();
 480:	21 81 00 01 	andi r1,r12,0x1
 484:	44 20 00 03 	be r1,r0,490 <_Z11irq_handlerj+0x38>
 488:	29 61 00 00 	lw r1,(r11+0)
 48c:	d8 20 00 00 	call r1
 490:	35 6b 00 04 	addi r11,r11,4
		pending >>= 1;
 494:	01 8c 00 01 	srui r12,r12,1
	for(i=0; i<32; i++) {
 498:	5d ab ff fa 	bne r13,r11,480 <_Z11irq_handlerj+0x28>
}
 49c:	2b 9d 00 04 	lw ra,(sp+4)
 4a0:	2b 8b 00 10 	lw r11,(sp+16)
 4a4:	2b 8c 00 0c 	lw r12,(sp+12)
 4a8:	2b 8d 00 08 	lw r13,(sp+8)
 4ac:	37 9c 00 10 	addi sp,sp,16
 4b0:	c3 a0 00 00 	ret

000004b4 <_Z8isr_initv>:
{
 4b4:	78 02 00 00 	mvhi r2,0x0
 4b8:	38 42 09 f4 	ori r2,r2,0x9f4
 4bc:	28 41 00 00 	lw r1,(r2+0)
 4c0:	78 02 00 00 	mvhi r2,0x0
 4c4:	38 42 09 f8 	ori r2,r2,0x9f8
 4c8:	28 43 00 00 	lw r3,(r2+0)
 4cc:	34 22 00 80 	addi r2,r1,128
		isr_table[i] = &isr_null;
 4d0:	58 23 00 00 	sw (r1+0),r3
 4d4:	34 21 00 04 	addi r1,r1,4
	for(i=0; i<32; i++)
 4d8:	5c 22 ff fe 	bne r1,r2,4d0 <_Z8isr_initv+0x1c>
}
 4dc:	c3 a0 00 00 	ret

000004e0 <_Z12isr_registeriPFvvE>:
	isr_table[irq] = isr;
 4e0:	78 04 00 00 	mvhi r4,0x0
 4e4:	38 84 09 fc 	ori r4,r4,0x9fc
 4e8:	3c 23 00 02 	sli r3,r1,2
 4ec:	28 81 00 00 	lw r1,(r4+0)
 4f0:	b4 23 08 00 	add r1,r1,r3
 4f4:	58 22 00 00 	sw (r1+0),r2
}
 4f8:	c3 a0 00 00 	ret

000004fc <_Z14isr_unregisteri>:
	isr_table[irq] = &isr_null;
 4fc:	78 03 00 00 	mvhi r3,0x0
 500:	38 63 0a 00 	ori r3,r3,0xa00
 504:	3c 22 00 02 	sli r2,r1,2
 508:	28 61 00 00 	lw r1,(r3+0)
 50c:	78 03 00 00 	mvhi r3,0x0
 510:	38 63 0a 04 	ori r3,r3,0xa04
 514:	b4 22 08 00 	add r1,r1,r2
 518:	28 62 00 00 	lw r2,(r3+0)
 51c:	58 22 00 00 	sw (r1+0),r2
}
 520:	c3 a0 00 00 	ret

00000524 <_Z6msleepj>:
	timer0->compare1 = (FCPU/1000)*msec;
 524:	78 03 00 00 	mvhi r3,0x0
 528:	38 02 c3 50 	mvu r2,0xc350
 52c:	38 63 0a 08 	ori r3,r3,0xa08
 530:	88 22 08 00 	mul r1,r1,r2
 534:	28 62 00 00 	lw r2,(r3+0)
 538:	28 42 00 00 	lw r2,(r2+0)
 53c:	58 41 00 10 	sw (r2+16),r1
	timer0->counter1 = 0;
 540:	58 40 00 14 	sw (r2+20),r0
	timer0->tcr1 = TIMER_EN;
 544:	34 01 00 08 	mvi r1,8
 548:	58 41 00 0c 	sw (r2+12),r1
 		tcr = timer0->tcr1;
 54c:	28 41 00 0c 	lw r1,(r2+12)
 	} while ( ! (tcr & TIMER_TRIG) );
 550:	20 21 00 01 	andi r1,r1,0x1
 554:	44 20 ff fe 	be r1,r0,54c <_Z6msleepj+0x28>
}
 558:	c3 a0 00 00 	ret

0000055c <_Z6nsleepj>:
	timer0->compare1 = (FCPU/1000000)*nsec;
 55c:	78 03 00 00 	mvhi r3,0x0
 560:	38 63 0a 0c 	ori r3,r3,0xa0c
 564:	28 62 00 00 	lw r2,(r3+0)
 568:	08 21 00 32 	muli r1,r1,50
 56c:	28 42 00 00 	lw r2,(r2+0)
 570:	58 41 00 10 	sw (r2+16),r1
	timer0->counter1 = 0;
 574:	58 40 00 14 	sw (r2+20),r0
	timer0->tcr1 = TIMER_EN;
 578:	34 01 00 08 	mvi r1,8
 57c:	58 41 00 0c 	sw (r2+12),r1
 		tcr = timer0->tcr1;
 580:	28 41 00 0c 	lw r1,(r2+12)
 	} while ( ! (tcr & TIMER_TRIG) );
 584:	20 21 00 01 	andi r1,r1,0x1
 588:	44 20 ff fe 	be r1,r0,580 <_Z6nsleepj+0x24>
}
 58c:	c3 a0 00 00 	ret

00000590 <_Z8tic_initv>:
void tic_init()
{
	tic_msec = 0;

	// Setup timer0.0
	timer0->compare0 = (FCPU/10000);
 590:	78 02 00 00 	mvhi r2,0x0
 594:	38 42 0a 10 	ori r2,r2,0xa10
 598:	28 41 00 00 	lw r1,(r2+0)
	tic_msec = 0;
 59c:	78 03 00 00 	mvhi r3,0x0
	timer0->compare0 = (FCPU/10000);
 5a0:	34 02 13 88 	mvi r2,5000
 5a4:	28 21 00 00 	lw r1,(r1+0)
	tic_msec = 0;
 5a8:	38 63 0a 14 	ori r3,r3,0xa14
	timer0->compare0 = (FCPU/10000);
 5ac:	58 22 00 04 	sw (r1+4),r2
	tic_msec = 0;
 5b0:	28 62 00 00 	lw r2,(r3+0)
	timer0->counter0 = 0;
 5b4:	58 20 00 08 	sw (r1+8),r0
	isr_table[irq] = isr;
 5b8:	78 03 00 00 	mvhi r3,0x0
	tic_msec = 0;
 5bc:	58 40 00 00 	sw (r2+0),r0
	timer0->tcr0     = TIMER_EN | TIMER_AR | TIMER_IRQEN;
 5c0:	34 02 00 0e 	mvi r2,14
 5c4:	58 22 00 00 	sw (r1+0),r2
	isr_table[irq] = isr;
 5c8:	78 02 00 00 	mvhi r2,0x0
 5cc:	38 42 0a 18 	ori r2,r2,0xa18
 5d0:	38 63 0a 1c 	ori r3,r3,0xa1c
 5d4:	28 41 00 00 	lw r1,(r2+0)
 5d8:	28 62 00 00 	lw r2,(r3+0)
 5dc:	58 22 00 04 	sw (r1+4),r2

	isr_register(1, &tic_isr);
}
 5e0:	c3 a0 00 00 	ret

000005e4 <_Z9uart_initv>:
	//uart0->lcr = 0x03;  // Line Control Register:    8N1
	//uart0->mcr = 0x00;  // Modem Control Register

	// Setup Divisor register (Fclk / Baud)
	//uart0->div = (FCPU/(57600*16));
}
 5e4:	c3 a0 00 00 	ret

000005e8 <_Z12uart_getcharv>:

char uart_getchar()
{   
	while (! (uart0->ucr & UART_DR)) ;
 5e8:	78 02 00 00 	mvhi r2,0x0
 5ec:	38 42 0a 20 	ori r2,r2,0xa20
 5f0:	28 41 00 00 	lw r1,(r2+0)
 5f4:	28 22 00 00 	lw r2,(r1+0)
 5f8:	28 41 00 00 	lw r1,(r2+0)
 5fc:	20 21 00 01 	andi r1,r1,0x1
 600:	44 20 ff fe 	be r1,r0,5f8 <_Z12uart_getcharv+0x10>
	return uart0->rxtx;
 604:	28 41 00 04 	lw r1,(r2+4)
}
 608:	20 21 00 ff 	andi r1,r1,0xff
 60c:	c3 a0 00 00 	ret

00000610 <_Z12uart_putcharc>:

void uart_putchar(char c)
{
	while (uart0->ucr & UART_BUSY) ;
 610:	78 03 00 00 	mvhi r3,0x0
 614:	38 63 0a 24 	ori r3,r3,0xa24
 618:	28 62 00 00 	lw r2,(r3+0)
{
 61c:	20 21 00 ff 	andi r1,r1,0xff
	while (uart0->ucr & UART_BUSY) ;
 620:	28 43 00 00 	lw r3,(r2+0)
 624:	28 62 00 00 	lw r2,(r3+0)
 628:	20 42 00 10 	andi r2,r2,0x10
 62c:	5c 40 ff fe 	bne r2,r0,624 <_Z12uart_putcharc+0x14>
	uart0->rxtx = c;
 630:	58 61 00 04 	sw (r3+4),r1
}
 634:	c3 a0 00 00 	ret

00000638 <_Z11uart_putstrPc>:

void uart_putstr(char *str)
{
	char *c = str;
	while(*c) {
 638:	40 24 00 00 	lbu r4,(r1+0)
 63c:	44 80 00 0c 	be r4,r0,66c <_Z11uart_putstrPc+0x34>
	while (uart0->ucr & UART_BUSY) ;
 640:	78 03 00 00 	mvhi r3,0x0
 644:	38 63 0a 28 	ori r3,r3,0xa28
 648:	28 62 00 00 	lw r2,(r3+0)
 64c:	28 43 00 00 	lw r3,(r2+0)
 650:	28 62 00 00 	lw r2,(r3+0)
 654:	20 42 00 10 	andi r2,r2,0x10
 658:	5c 40 ff fe 	bne r2,r0,650 <_Z11uart_putstrPc+0x18>
	uart0->rxtx = c;
 65c:	58 64 00 04 	sw (r3+4),r4
		uart_putchar(*c);
		c++;
 660:	34 21 00 01 	addi r1,r1,1
	while(*c) {
 664:	40 24 00 00 	lbu r4,(r1+0)
 668:	5c 80 ff fa 	bne r4,r0,650 <_Z11uart_putstrPc+0x18>
	}
}
 66c:	c3 a0 00 00 	ret

00000670 <_Z8i2c_initv>:
 * I2C Functions
 */
void i2c_init()
{

	i2c0->prerl =0x00;
 670:	78 02 00 00 	mvhi r2,0x0
 674:	38 42 0a 2c 	ori r2,r2,0xa2c
 678:	28 41 00 00 	lw r1,(r2+0)
	i2c0->prerh =0x50;
 67c:	34 02 00 50 	mvi r2,80
	i2c0->prerl =0x00;
 680:	28 21 00 00 	lw r1,(r1+0)
 684:	30 20 00 00 	sb (r1+0),r0
	i2c0->prerh =0x50;
 688:	30 22 00 01 	sb (r1+1),r2
	i2c0->ctr =0x80;
 68c:	34 02 ff 80 	mvi r2,-128
 690:	30 22 00 02 	sb (r1+2),r2


}
 694:	c3 a0 00 00 	ret

00000698 <_Z9i2c_writeccc>:

void i2c_write(char addrDev, char addrReg, char dat)
{

   i2c0->TxRx=(addrDev<<1 +1);
 698:	78 05 00 00 	mvhi r5,0x0
 69c:	38 a5 0a 30 	ori r5,r5,0xa30
 6a0:	28 a4 00 00 	lw r4,(r5+0)
 6a4:	3c 21 00 02 	sli r1,r1,2
{
 6a8:	20 42 00 ff 	andi r2,r2,0xff
   i2c0->TxRx=(addrDev<<1 +1);
 6ac:	28 84 00 00 	lw r4,(r4+0)
 6b0:	20 21 00 fc 	andi r1,r1,0xfc
{
 6b4:	20 63 00 ff 	andi r3,r3,0xff
   i2c0->TxRx=(addrDev<<1 +1);
 6b8:	30 81 00 03 	sb (r4+3),r1
   i2c0->crsr =0x90;
 6bc:	34 01 ff 90 	mvi r1,-112
 6c0:	30 81 00 04 	sb (r4+4),r1
   while((i2c0->crsr)& I2C_TIP);
 6c4:	40 81 00 04 	lbu r1,(r4+4)
 6c8:	20 21 00 02 	andi r1,r1,0x2
 6cc:	5c 20 ff fe 	bne r1,r0,6c4 <_Z9i2c_writeccc+0x2c>
   i2c0->TxRx=addrReg;
 6d0:	30 82 00 03 	sb (r4+3),r2
   i2c0->crsr =0x10;
 6d4:	34 01 00 10 	mvi r1,16
 6d8:	30 81 00 04 	sb (r4+4),r1
   while((i2c0->crsr)& I2C_TIP);
 6dc:	40 81 00 04 	lbu r1,(r4+4)
 6e0:	20 21 00 02 	andi r1,r1,0x2
 6e4:	5c 20 ff fe 	bne r1,r0,6dc <_Z9i2c_writeccc+0x44>
   
   i2c0->TxRx=dat;
 6e8:	30 83 00 03 	sb (r4+3),r3
   i2c0->crsr =0x10;
 6ec:	34 01 00 10 	mvi r1,16
 6f0:	30 81 00 04 	sb (r4+4),r1
   while((i2c0->crsr)& I2C_TIP);
 6f4:	40 81 00 04 	lbu r1,(r4+4)
 6f8:	20 21 00 02 	andi r1,r1,0x2
 6fc:	5c 20 ff fe 	bne r1,r0,6f4 <_Z9i2c_writeccc+0x5c>
//........... todo byte 70 9

   i2c0->TxRx=dat; // last byte
 700:	30 83 00 03 	sb (r4+3),r3
   i2c0->crsr =0x50;
 704:	34 01 00 50 	mvi r1,80
 708:	30 81 00 04 	sb (r4+4),r1
   while((i2c0->crsr)& I2C_TIP);
 70c:	40 81 00 04 	lbu r1,(r4+4)
 710:	20 21 00 02 	andi r1,r1,0x2
 714:	5c 20 ff fe 	bne r1,r0,70c <_Z9i2c_writeccc+0x74>
//7

}
 718:	c3 a0 00 00 	ret

0000071c <_ZN3pwm7pwm_selEicb>:
#include "pwm.h"
#include "soc-hw.h"

void pwm::pwm_sel(int b, char c, bool en){
 71c:	37 9c ff e8 	addi sp,sp,-24
 720:	5b 8b 00 18 	sw (sp+24),r11
 724:	5b 8c 00 14 	sw (sp+20),r12
 728:	5b 8d 00 10 	sw (sp+16),r13
 72c:	5b 8e 00 0c 	sw (sp+12),r14
 730:	5b 8f 00 08 	sw (sp+8),r15
 734:	5b 9d 00 04 	sw (sp+4),ra
uint8_t Rd=0;
uint8_t Wr=1;
uint32_t dint=1000000;
uint32_t dind;

uint32_t e=b*12;
 738:	08 4b 00 0c 	muli r11,r2,12
void pwm::pwm_sel(int b, char c, bool en){
 73c:	20 63 00 ff 	andi r3,r3,0xff


if(c==0x11){
dind=0x36*1000;
}
if(c==0x12){
 740:	34 01 00 12 	mvi r1,18
void pwm::pwm_sel(int b, char c, bool en){
 744:	20 8f 00 ff 	andi r15,r4,0xff
uint32_t d=e+8;
 748:	35 6d 00 08 	addi r13,r11,8
uint32_t t=e+4;
 74c:	35 6e 00 04 	addi r14,r11,4
if(c==0x12){
 750:	44 61 00 26 	be r3,r1,7e8 <_ZN3pwm7pwm_selEicb+0xcc>
dind=0x83*1000;
}
if(c==0x10){
 754:	34 01 00 10 	mvi r1,16
dind=0xda*1000;
 758:	38 0c 53 90 	mvu r12,0x5390
 75c:	79 8c 00 03 	orhi r12,r12,0x3
if(c==0x10){
 760:	5c 61 00 1a 	bne r3,r1,7c8 <_ZN3pwm7pwm_selEicb+0xac>
e=e+48;
d=e+8;
t=e+4;
}

pwm_wr(Wr); pwm_rd(Rd);
 764:	34 01 00 01 	mvi r1,1
 768:	fb ff ff 1d 	calli 3dc <_Z6pwm_wrh>
 76c:	34 01 00 00 	mvi r1,0
 770:	fb ff ff 0e 	calli 3a8 <_Z6pwm_rdh>
pwm_addr(t); pwm_din(dint);
 774:	b9 c0 08 00 	mv r1,r14
 778:	fb ff ff 13 	calli 3c4 <_Z8pwm_addrj>
 77c:	38 01 42 40 	mvu r1,0x4240
 780:	78 21 00 0f 	orhi r1,r1,0xf
 784:	fb ff ff 1d 	calli 3f8 <_Z7pwm_dinj>

pwm_addr(d); pwm_din(dind);
 788:	b9 a0 08 00 	mv r1,r13
 78c:	fb ff ff 0e 	calli 3c4 <_Z8pwm_addrj>
 790:	b9 80 08 00 	mv r1,r12
 794:	fb ff ff 19 	calli 3f8 <_Z7pwm_dinj>

pwm_addr(e); pwm_din(en);
 798:	b9 60 08 00 	mv r1,r11
 79c:	fb ff ff 0a 	calli 3c4 <_Z8pwm_addrj>
 7a0:	b9 e0 08 00 	mv r1,r15
 7a4:	fb ff ff 15 	calli 3f8 <_Z7pwm_dinj>


};
 7a8:	2b 9d 00 04 	lw ra,(sp+4)
 7ac:	2b 8b 00 18 	lw r11,(sp+24)
 7b0:	2b 8c 00 14 	lw r12,(sp+20)
 7b4:	2b 8d 00 10 	lw r13,(sp+16)
 7b8:	2b 8e 00 0c 	lw r14,(sp+12)
 7bc:	2b 8f 00 08 	lw r15,(sp+8)
 7c0:	37 9c 00 18 	addi sp,sp,24
 7c4:	c3 a0 00 00 	ret
if(c==0x13){
 7c8:	34 01 00 13 	mvi r1,19
 7cc:	5c 61 00 0a 	bne r3,r1,7f4 <_ZN3pwm7pwm_selEicb+0xd8>
d=e+8;
 7d0:	35 6d 00 38 	addi r13,r11,56
t=e+4;
 7d4:	35 6e 00 34 	addi r14,r11,52
dind=180000;
 7d8:	38 0c bf 20 	mvu r12,0xbf20
 7dc:	79 8c 00 02 	orhi r12,r12,0x2
e=e+48;
 7e0:	35 6b 00 30 	addi r11,r11,48
 7e4:	e3 ff ff e0 	bi 764 <_ZN3pwm7pwm_selEicb+0x48>
dind=0x83*1000;
 7e8:	38 0c ff b8 	mvu r12,0xffb8
 7ec:	79 8c 00 01 	orhi r12,r12,0x1
 7f0:	e3 ff ff dd 	bi 764 <_ZN3pwm7pwm_selEicb+0x48>
if(c==0x14){
 7f4:	34 01 00 14 	mvi r1,20
 7f8:	38 0c d2 f0 	mvu r12,0xd2f0
 7fc:	5c 61 ff da 	bne r3,r1,764 <_ZN3pwm7pwm_selEicb+0x48>
d=e+8;
 800:	35 6d 00 38 	addi r13,r11,56
t=e+4;
 804:	35 6e 00 34 	addi r14,r11,52
dind=100000;
 808:	38 0c 86 a0 	mvu r12,0x86a0
 80c:	79 8c 00 01 	orhi r12,r12,0x1
e=e+48;
 810:	35 6b 00 30 	addi r11,r11,48
 814:	e3 ff ff d4 	bi 764 <_ZN3pwm7pwm_selEicb+0x48>

00000818 <_ZN3pwm5brazoEc>:

int pwm::brazo(char d){
 818:	20 42 00 ff 	andi r2,r2,0xff
int m;
if(d==0x01){m=0;}
if(d==0x02){m=1;}
 81c:	34 03 00 02 	mvi r3,2
 820:	34 01 00 01 	mvi r1,1
 824:	44 43 00 04 	be r2,r3,834 <_ZN3pwm5brazoEc+0x1c>
if(d==0x03){m=2;}
 828:	34 03 00 03 	mvi r3,3
 82c:	34 01 00 02 	mvi r1,2
 830:	5c 43 00 02 	bne r2,r3,838 <_ZN3pwm5brazoEc+0x20>
if(d==0x04){m=3;}
return m;
};
 834:	c3 a0 00 00 	ret
if(d==0x04){m=3;}
 838:	34 03 00 04 	mvi r3,4
 83c:	34 01 00 00 	mvi r1,0
 840:	5c 43 ff fd 	bne r2,r3,834 <_ZN3pwm5brazoEc+0x1c>
 844:	34 01 00 03 	mvi r1,3
};
 848:	c3 a0 00 00 	ret

0000084c <_ZN5timer6nsleepEi>:
void timer::nsleep(int nsec)
{
	int tcr;

	// Use timer0.1
	timer0->compare1 = (FCPU/1000000)*nsec;
 84c:	78 03 00 00 	mvhi r3,0x0
 850:	38 63 0a 34 	ori r3,r3,0xa34
 854:	28 61 00 00 	lw r1,(r3+0)
 858:	08 42 00 32 	muli r2,r2,50
 85c:	28 23 00 00 	lw r3,(r1+0)
	timer0->counter1 = 0;
	timer0->tcr1 = TIMER_EN;
 860:	34 01 00 08 	mvi r1,8
	timer0->compare1 = (FCPU/1000000)*nsec;
 864:	58 62 00 10 	sw (r3+16),r2
	timer0->counter1 = 0;
 868:	58 60 00 14 	sw (r3+20),r0
	timer0->tcr1 = TIMER_EN;
 86c:	58 61 00 0c 	sw (r3+12),r1

	do {
		//halt();
 		tcr = timer0->tcr1;
 870:	28 61 00 0c 	lw r1,(r3+12)
 	} while ( ! (tcr & TIMER_TRIG) );
 874:	20 21 00 01 	andi r1,r1,0x1
 878:	44 20 ff fe 	be r1,r0,870 <_ZN5timer6nsleepEi+0x24>
};
 87c:	c3 a0 00 00 	ret

00000880 <_ZN4uart9uart_initEv>:
	//uart0->lcr = 0x03;  // Line Control Register:    8N1
	//uart0->mcr = 0x00;  // Modem Control Register

	// Setup Divisor register (Fclk / Baud)
	//uart0->div = (FCPU/(57600*16));
}
 880:	c3 a0 00 00 	ret

00000884 <_ZN4uart12uart_getcharEv>:

char uart::uart_getchar()
{   
	while (! (uart0->ucr & UART_DR)) ;
 884:	78 02 00 00 	mvhi r2,0x0
 888:	38 42 0a 38 	ori r2,r2,0xa38
 88c:	28 41 00 00 	lw r1,(r2+0)
 890:	28 22 00 00 	lw r2,(r1+0)
 894:	28 41 00 00 	lw r1,(r2+0)
 898:	20 21 00 01 	andi r1,r1,0x1
 89c:	44 20 ff fe 	be r1,r0,894 <_ZN4uart12uart_getcharEv+0x10>
	return uart0->rxtx;
 8a0:	28 41 00 04 	lw r1,(r2+4)
}
 8a4:	20 21 00 ff 	andi r1,r1,0xff
 8a8:	c3 a0 00 00 	ret

000008ac <_ZN4uart12uart_putcharEc>:

void uart::uart_putchar(char c)
{
	while (uart0->ucr & UART_BUSY) ;
 8ac:	78 03 00 00 	mvhi r3,0x0
 8b0:	38 63 0a 3c 	ori r3,r3,0xa3c
 8b4:	28 61 00 00 	lw r1,(r3+0)
{
 8b8:	20 42 00 ff 	andi r2,r2,0xff
	while (uart0->ucr & UART_BUSY) ;
 8bc:	28 23 00 00 	lw r3,(r1+0)
 8c0:	28 61 00 00 	lw r1,(r3+0)
 8c4:	20 21 00 10 	andi r1,r1,0x10
 8c8:	5c 20 ff fe 	bne r1,r0,8c0 <_ZN4uart12uart_putcharEc+0x14>
	uart0->rxtx = c;
 8cc:	58 62 00 04 	sw (r3+4),r2
}
 8d0:	c3 a0 00 00 	ret

000008d4 <_ZN4uart11uart_putstrEPc>:

void uart::uart_putstr(char *str)
{
	char *c = str;
	while(*c) {
 8d4:	40 44 00 00 	lbu r4,(r2+0)
 8d8:	44 80 00 0c 	be r4,r0,908 <_ZN4uart11uart_putstrEPc+0x34>
	while (uart0->ucr & UART_BUSY) ;
 8dc:	78 03 00 00 	mvhi r3,0x0
 8e0:	38 63 0a 40 	ori r3,r3,0xa40
 8e4:	28 61 00 00 	lw r1,(r3+0)
 8e8:	28 23 00 00 	lw r3,(r1+0)
 8ec:	28 61 00 00 	lw r1,(r3+0)
 8f0:	20 21 00 10 	andi r1,r1,0x10
 8f4:	5c 20 ff fe 	bne r1,r0,8ec <_ZN4uart11uart_putstrEPc+0x18>
	uart0->rxtx = c;
 8f8:	58 64 00 04 	sw (r3+4),r4
		uart_putchar(*c);
		c++;
 8fc:	34 42 00 01 	addi r2,r2,1
	while(*c) {
 900:	40 44 00 00 	lbu r4,(r2+0)
 904:	5c 80 ff fa 	bne r4,r0,8ec <_ZN4uart11uart_putstrEPc+0x18>
	}
}
 908:	c3 a0 00 00 	ret

0000090c <_ZN4uart11uart_getintEv>:

int uart::uart_getint()
{   
	while (! (uart0->ucr & UART_DR)) ;
 90c:	78 02 00 00 	mvhi r2,0x0
 910:	38 42 0a 44 	ori r2,r2,0xa44
 914:	28 41 00 00 	lw r1,(r2+0)
 918:	28 22 00 00 	lw r2,(r1+0)
 91c:	28 41 00 00 	lw r1,(r2+0)
 920:	20 21 00 01 	andi r1,r1,0x1
 924:	44 20 ff fe 	be r1,r0,91c <_ZN4uart11uart_getintEv+0x10>
	return uart0->rxtx;
 928:	28 41 00 04 	lw r1,(r2+4)
}
 92c:	c3 a0 00 00 	ret

00000930 <_ZN6camera9cam_tomarEi>:
#include "camera.h"
#include "soc-hw.h"


void camera::cam_tomar(int take)
{
 930:	37 9c ff fc 	addi sp,sp,-4
 934:	5b 9d 00 04 	sw (sp+4),ra
	cam_takepicture(take);
 938:	20 41 00 ff 	andi r1,r2,0xff
 93c:	fb ff fe 7b 	calli 328 <_Z15cam_takepictureh>

};
 940:	2b 9d 00 04 	lw ra,(sp+4)
 944:	37 9c 00 04 	addi sp,sp,4
 948:	c3 a0 00 00 	ret

0000094c <_ZN6camera7cam_verEi>:

void camera::cam_ver(int ver)
{	
 94c:	37 9c ff fc 	addi sp,sp,-4
 950:	5b 9d 00 04 	sw (sp+4),ra
	cam_leer(ver);
 954:	b8 40 08 00 	mv r1,r2
 958:	fb ff fe 7b 	calli 344 <_Z8cam_leerj>
}; 
 95c:	2b 9d 00 04 	lw ra,(sp+4)
 960:	37 9c 00 04 	addi sp,sp,4
 964:	c3 a0 00 00 	ret

00000968 <_ZN6camera8cam_datoEv>:

char camera::cam_dato()
{	
 968:	37 9c ff fc 	addi sp,sp,-4
 96c:	5b 9d 00 04 	sw (sp+4),ra
	return cam_read();
 970:	fb ff fe 68 	calli 310 <_Z8cam_readv>
}; 
 974:	20 21 00 ff 	andi r1,r1,0xff
 978:	2b 9d 00 04 	lw ra,(sp+4)
 97c:	37 9c 00 04 	addi sp,sp,4
 980:	c3 a0 00 00 	ret

00000984 <_ZN6camera7cam_rstEii>:

void camera::cam_rst(int datwrst, int datrrst)
{
 984:	37 9c ff f8 	addi sp,sp,-8
 988:	5b 8b 00 08 	sw (sp+8),r11
 98c:	5b 9d 00 04 	sw (sp+4),ra
	cam_resetwr  (datwrst);
 990:	20 41 00 ff 	andi r1,r2,0xff
{
 994:	b8 60 58 00 	mv r11,r3
	cam_resetwr  (datwrst);
 998:	fb ff fe 71 	calli 35c <_Z11cam_resetwrh>
	cam_resetrd (datrrst);
 99c:	b9 60 08 00 	mv r1,r11
 9a0:	fb ff fe 76 	calli 378 <_Z11cam_resetrdj>
};
 9a4:	2b 9d 00 04 	lw ra,(sp+4)
 9a8:	2b 8b 00 08 	lw r11,(sp+8)
 9ac:	37 9c 00 08 	addi sp,sp,8
 9b0:	c3 a0 00 00 	ret
