Release 14.7 - xst P.20131013 (lin64)
Copyright (c) 1995-2013 Xilinx, Inc.  All rights reserved.
--> 

TABLE OF CONTENTS
  1) Synthesis Options Summary
  2) HDL Parsing
  3) HDL Elaboration
  4) HDL Synthesis
       4.1) HDL Synthesis Report
  5) Advanced HDL Synthesis
       5.1) Advanced HDL Synthesis Report
  6) Low Level Synthesis
  7) Partition Report
  8) Design Summary
       8.1) Primitive and Black Box Usage
       8.2) Device utilization summary
       8.3) Partition Resource Summary
       8.4) Timing Report
            8.4.1) Clock Information
            8.4.2) Asynchronous Control Signals Information
            8.4.3) Timing Summary
            8.4.4) Timing Details
            8.4.5) Cross Clock Domains Report


=========================================================================
*                      Synthesis Options Summary                        *
=========================================================================
---- Source Parameters
Input File Name                    : "project.src"
Input Format                       : mixed

---- Target Parameters
Target Device                      : XC7A100T-1CSG324
Output File Name                   : "project.ngc"
Output Format                      : NGC

---- Source Options
Top Module Name                    : div_freq

---- General Options
Optimization Goal                  : Area
Optimization Effort                : 1
RTL Output                         : yes

=========================================================================


=========================================================================
*                          HDL Parsing                                  *
=========================================================================
Analyzing Verilog file "/home/lisseth/CubeRubik/HW/01GRUPO1/02verilog/Liss/Camara/Div/div_freq.v" into library work
Parsing module <div_freq>.

=========================================================================
*                            HDL Elaboration                            *
=========================================================================

Elaborating module <div_freq>.

=========================================================================
*                           HDL Synthesis                               *
=========================================================================

Synthesizing Unit <div_freq>.
    Related source file is "/home/lisseth/CubeRubik/HW/01GRUPO1/02verilog/Liss/Camara/Div/div_freq.v".
        fi = 50000000
        fs = 24000000
    Found 1-bit register for signal <clkout>.
    Found 32-bit register for signal <count>.
    Found 1-bit register for signal <led>.
    Found 32-bit subtractor for signal <count[31]_GND_1_o_sub_3_OUT> created at line 23.
    Summary:
	inferred   1 Adder/Subtractor(s).
	inferred  34 D-type flip-flop(s).
	inferred   1 Multiplexer(s).
Unit <div_freq> synthesized.

=========================================================================
HDL Synthesis Report

Macro Statistics
# Adders/Subtractors                                   : 1
 32-bit subtractor                                     : 1
# Registers                                            : 3
 1-bit register                                        : 2
 32-bit register                                       : 1
# Multiplexers                                         : 1
 32-bit 2-to-1 multiplexer                             : 1

=========================================================================

=========================================================================
*                       Advanced HDL Synthesis                          *
=========================================================================


Synthesizing (advanced) Unit <div_freq>.
The following registers are absorbed into counter <count>: 1 register on signal <count>.
Unit <div_freq> synthesized (advanced).

=========================================================================
Advanced HDL Synthesis Report

Macro Statistics
# Counters                                             : 1
 32-bit down counter                                   : 1
# Registers                                            : 2
 Flip-Flops                                            : 2

=========================================================================

=========================================================================
*                         Low Level Synthesis                           *
=========================================================================

Optimizing unit <div_freq> ...
WARNING:Xst:1293 - FF/Latch <count_31> has a constant value of 0 in block <div_freq>. This FF/Latch will be trimmed during the optimization process.
WARNING:Xst:1896 - Due to other FF/Latch trimming, FF/Latch <count_30> has a constant value of 0 in block <div_freq>. This FF/Latch will be trimmed during the optimization process.
WARNING:Xst:1896 - Due to other FF/Latch trimming, FF/Latch <count_29> has a constant value of 0 in block <div_freq>. This FF/Latch will be trimmed during the optimization process.
WARNING:Xst:1896 - Due to other FF/Latch trimming, FF/Latch <count_28> has a constant value of 0 in block <div_freq>. This FF/Latch will be trimmed during the optimization process.
WARNING:Xst:1896 - Due to other FF/Latch trimming, FF/Latch <count_27> has a constant value of 0 in block <div_freq>. This FF/Latch will be trimmed during the optimization process.
WARNING:Xst:1896 - Due to other FF/Latch trimming, FF/Latch <count_26> has a constant value of 0 in block <div_freq>. This FF/Latch will be trimmed during the optimization process.
WARNING:Xst:1896 - Due to other FF/Latch trimming, FF/Latch <count_25> has a constant value of 0 in block <div_freq>. This FF/Latch will be trimmed during the optimization process.
WARNING:Xst:1896 - Due to other FF/Latch trimming, FF/Latch <count_24> has a constant value of 0 in block <div_freq>. This FF/Latch will be trimmed during the optimization process.
WARNING:Xst:1896 - Due to other FF/Latch trimming, FF/Latch <count_23> has a constant value of 0 in block <div_freq>. This FF/Latch will be trimmed during the optimization process.
WARNING:Xst:1896 - Due to other FF/Latch trimming, FF/Latch <count_22> has a constant value of 0 in block <div_freq>. This FF/Latch will be trimmed during the optimization process.
WARNING:Xst:1896 - Due to other FF/Latch trimming, FF/Latch <count_21> has a constant value of 0 in block <div_freq>. This FF/Latch will be trimmed during the optimization process.
WARNING:Xst:1896 - Due to other FF/Latch trimming, FF/Latch <count_20> has a constant value of 0 in block <div_freq>. This FF/Latch will be trimmed during the optimization process.
WARNING:Xst:1896 - Due to other FF/Latch trimming, FF/Latch <count_19> has a constant value of 0 in block <div_freq>. This FF/Latch will be trimmed during the optimization process.
WARNING:Xst:1896 - Due to other FF/Latch trimming, FF/Latch <count_18> has a constant value of 0 in block <div_freq>. This FF/Latch will be trimmed during the optimization process.
WARNING:Xst:1896 - Due to other FF/Latch trimming, FF/Latch <count_17> has a constant value of 0 in block <div_freq>. This FF/Latch will be trimmed during the optimization process.
WARNING:Xst:1896 - Due to other FF/Latch trimming, FF/Latch <count_16> has a constant value of 0 in block <div_freq>. This FF/Latch will be trimmed during the optimization process.
WARNING:Xst:1896 - Due to other FF/Latch trimming, FF/Latch <count_15> has a constant value of 0 in block <div_freq>. This FF/Latch will be trimmed during the optimization process.
WARNING:Xst:1896 - Due to other FF/Latch trimming, FF/Latch <count_14> has a constant value of 0 in block <div_freq>. This FF/Latch will be trimmed during the optimization process.
WARNING:Xst:1896 - Due to other FF/Latch trimming, FF/Latch <count_13> has a constant value of 0 in block <div_freq>. This FF/Latch will be trimmed during the optimization process.
WARNING:Xst:1896 - Due to other FF/Latch trimming, FF/Latch <count_12> has a constant value of 0 in block <div_freq>. This FF/Latch will be trimmed during the optimization process.
WARNING:Xst:1896 - Due to other FF/Latch trimming, FF/Latch <count_11> has a constant value of 0 in block <div_freq>. This FF/Latch will be trimmed during the optimization process.
WARNING:Xst:1896 - Due to other FF/Latch trimming, FF/Latch <count_10> has a constant value of 0 in block <div_freq>. This FF/Latch will be trimmed during the optimization process.
WARNING:Xst:1896 - Due to other FF/Latch trimming, FF/Latch <count_9> has a constant value of 0 in block <div_freq>. This FF/Latch will be trimmed during the optimization process.
WARNING:Xst:1896 - Due to other FF/Latch trimming, FF/Latch <count_8> has a constant value of 0 in block <div_freq>. This FF/Latch will be trimmed during the optimization process.
WARNING:Xst:1896 - Due to other FF/Latch trimming, FF/Latch <count_7> has a constant value of 0 in block <div_freq>. This FF/Latch will be trimmed during the optimization process.
WARNING:Xst:1896 - Due to other FF/Latch trimming, FF/Latch <count_6> has a constant value of 0 in block <div_freq>. This FF/Latch will be trimmed during the optimization process.
WARNING:Xst:1896 - Due to other FF/Latch trimming, FF/Latch <count_5> has a constant value of 0 in block <div_freq>. This FF/Latch will be trimmed during the optimization process.
WARNING:Xst:1896 - Due to other FF/Latch trimming, FF/Latch <count_4> has a constant value of 0 in block <div_freq>. This FF/Latch will be trimmed during the optimization process.
WARNING:Xst:1896 - Due to other FF/Latch trimming, FF/Latch <count_3> has a constant value of 0 in block <div_freq>. This FF/Latch will be trimmed during the optimization process.
WARNING:Xst:1896 - Due to other FF/Latch trimming, FF/Latch <count_2> has a constant value of 0 in block <div_freq>. This FF/Latch will be trimmed during the optimization process.

Mapping all equations...
Building and optimizing final netlist ...
Found area constraint ratio of 100 (+ 0) on block div_freq, actual ratio is 0.
FlipFlop clkout has been replicated 1 time(s) to handle iob=true attribute.

Final Macro Processing ...

=========================================================================
Final Register Report

Macro Statistics
# Registers                                            : 5
 Flip-Flops                                            : 5

=========================================================================

=========================================================================
*                           Partition Report                            *
=========================================================================

Partition Implementation Status
-------------------------------

  No Partitions were found in this design.

-------------------------------

=========================================================================
*                            Design Summary                             *
=========================================================================

Top Level Output File Name         : project.ngc

Primitive and Black Box Usage:
------------------------------
# BELS                             : 11
#      GND                         : 1
#      INV                         : 2
#      LUT1                        : 1
#      LUT3                        : 2
#      LUT4                        : 1
#      MUXCY                       : 1
#      VCC                         : 1
#      XORCY                       : 2
# FlipFlops/Latches                : 5
#      FD                          : 2
#      FDR                         : 2
#      FDS                         : 1
# Clock Buffers                    : 1
#      BUFGP                       : 1
# IO Buffers                       : 3
#      IBUF                        : 1
#      OBUF                        : 2

Device utilization summary:
---------------------------

Selected Device : 7a100tcsg324-1 


Slice Logic Utilization: 
 Number of Slice Registers:               3  out of  126800     0%  
 Number of Slice LUTs:                    6  out of  63400     0%  
    Number used as Logic:                 6  out of  63400     0%  

Slice Logic Distribution: 
 Number of LUT Flip Flop pairs used:      9
   Number with an unused Flip Flop:       6  out of      9    66%  
   Number with an unused LUT:             3  out of      9    33%  
   Number of fully used LUT-FF pairs:     0  out of      9     0%  
   Number of unique control sets:         2

IO Utilization: 
 Number of IOs:                           4
 Number of bonded IOBs:                   4  out of    210     1%  
    IOB Flip Flops/Latches:               2

Specific Feature Utilization:
 Number of BUFG/BUFGCTRLs:                1  out of     32     3%  

---------------------------
Partition Resource Summary:
---------------------------

  No Partitions were found in this design.

---------------------------


=========================================================================
Timing Report

NOTE: THESE TIMING NUMBERS ARE ONLY A SYNTHESIS ESTIMATE.
      FOR ACCURATE TIMING INFORMATION PLEASE REFER TO THE TRACE REPORT
      GENERATED AFTER PLACE-and-ROUTE.

Clock Information:
------------------
-----------------------------------+------------------------+-------+
Clock Signal                       | Clock buffer(FF name)  | Load  |
-----------------------------------+------------------------+-------+
clk                                | BUFGP                  | 5     |
-----------------------------------+------------------------+-------+

Asynchronous Control Signals Information:
----------------------------------------
No asynchronous control signals found in this design

Timing Summary:
---------------
Speed Grade: -1

   Minimum period: 2.600ns (Maximum Frequency: 384.615MHz)
   Minimum input arrival time before clock: 1.002ns
   Maximum output required time after clock: 0.877ns
   Maximum combinational path delay: No path found

Timing Details:
---------------
All values displayed in nanoseconds (ns)

=========================================================================
Timing constraint: Default period analysis for Clock 'clk'
  Clock period: 2.600ns (frequency: 384.615MHz)
  Total number of paths / destination ports: 13 / 4
-------------------------------------------------------------------------
Delay:               2.600ns (Levels of Logic = 4)
  Source:            count_0 (FF)
  Destination:       count_1 (FF)
  Source Clock:      clk rising
  Destination Clock: clk rising

  Data Path: count_0 to count_1
                                Gate     Net
    Cell:in->out      fanout   Delay   Delay  Logical Name (Net Name)
    ----------------------------------------  ------------
     FD:C->Q               4   0.478   0.441  count_0 (count_0)
     LUT1:I0->O            1   0.124   0.000  Mcount_count_cy<0>_rt (Mcount_count_cy<0>_rt)
     MUXCY:S->O            0   0.472   0.000  Mcount_count_cy<0> (Mcount_count_cy<0>)
     XORCY:CI->O           1   0.510   0.421  Mcount_count_xor<1> (Result<1>)
     LUT3:I2->O            1   0.124   0.000  Mcount_count_eqn_11 (Mcount_count_eqn_1)
     FDS:D                     0.030          count_1
    ----------------------------------------
    Total                      2.600ns (1.738ns logic, 0.862ns route)
                                       (66.8% logic, 33.2% route)

=========================================================================
Timing constraint: Default OFFSET IN BEFORE for Clock 'clk'
  Total number of paths / destination ports: 5 / 5
-------------------------------------------------------------------------
Offset:              1.002ns (Levels of Logic = 2)
  Source:            reset (PAD)
  Destination:       led (FF)
  Destination Clock: clk rising

  Data Path: reset to led
                                Gate     Net
    Cell:in->out      fanout   Delay   Delay  Logical Name (Net Name)
    ----------------------------------------  ------------
     IBUF:I->O             5   0.001   0.426  reset_IBUF (reset_IBUF)
     INV:I->O              1   0.146   0.399  reset_INV_1_o1_INV_0 (reset_INV_1_o)
     FD:D                      0.030          led
    ----------------------------------------
    Total                      1.002ns (0.177ns logic, 0.825ns route)
                                       (17.7% logic, 82.3% route)

=========================================================================
Timing constraint: Default OFFSET OUT AFTER for Clock 'clk'
  Total number of paths / destination ports: 2 / 2
-------------------------------------------------------------------------
Offset:              0.877ns (Levels of Logic = 1)
  Source:            clkout_1 (FF)
  Destination:       clkout (PAD)
  Source Clock:      clk rising

  Data Path: clkout_1 to clkout
                                Gate     Net
    Cell:in->out      fanout   Delay   Delay  Logical Name (Net Name)
    ----------------------------------------  ------------
     FDR:C->Q              1   0.478   0.399  clkout_1 (clkout_1)
     OBUF:I->O                 0.000          clkout_OBUF (clkout)
    ----------------------------------------
    Total                      0.877ns (0.478ns logic, 0.399ns route)
                                       (54.5% logic, 45.5% route)

=========================================================================

Cross Clock Domains Report:
--------------------------

Clock to Setup on destination clock clk
---------------+---------+---------+---------+---------+
               | Src:Rise| Src:Fall| Src:Rise| Src:Fall|
Source Clock   |Dest:Rise|Dest:Rise|Dest:Fall|Dest:Fall|
---------------+---------+---------+---------+---------+
clk            |    2.600|         |         |         |
---------------+---------+---------+---------+---------+

=========================================================================


Total REAL time to Xst completion: 26.00 secs
Total CPU time to Xst completion: 22.68 secs
 
--> 


Total memory usage is 504364 kilobytes

Number of errors   :    0 (   0 filtered)
Number of warnings :   30 (   0 filtered)
Number of infos    :    0 (   0 filtered)

