Release 14.7 - xst P.20131013 (lin64)
Copyright (c) 1995-2013 Xilinx, Inc.  All rights reserved.
--> 

TABLE OF CONTENTS
  1) Synthesis Options Summary
  2) HDL Parsing
  3) HDL Elaboration
  4) HDL Synthesis
       4.1) HDL Synthesis Report
  5) Advanced HDL Synthesis
       5.1) Advanced HDL Synthesis Report
  6) Low Level Synthesis
  7) Partition Report
  8) Design Summary
       8.1) Primitive and Black Box Usage
       8.2) Device utilization summary
       8.3) Partition Resource Summary
       8.4) Timing Report
            8.4.1) Clock Information
            8.4.2) Asynchronous Control Signals Information
            8.4.3) Timing Summary
            8.4.4) Timing Details
            8.4.5) Cross Clock Domains Report


=========================================================================
*                      Synthesis Options Summary                        *
=========================================================================
---- Source Parameters
Input File Name                    : "project.src"
Input Format                       : mixed

---- Target Parameters
Target Device                      : XC7A100T-1CSG324
Output File Name                   : "project.ngc"
Output Format                      : NGC

---- Source Options
Top Module Name                    : slave_mode

---- General Options
Optimization Goal                  : Area
Optimization Effort                : 1
RTL Output                         : yes

=========================================================================


=========================================================================
*                          HDL Parsing                                  *
=========================================================================
Analyzing Verilog file "/home/lisseth/Slave_mode/slave_mode.v" into library work
Parsing module <slave_mode>.
Analyzing Verilog file "/home/lisseth/Slave_mode/div_freq.v" into library work
Parsing module <div_freq>.
Analyzing Verilog file "/home/lisseth/Slave_mode/slave.v" into library work
Parsing module <slave>.

=========================================================================
*                            HDL Elaboration                            *
=========================================================================

Elaborating module <slave_mode>.

Elaborating module <div_freq>.

Elaborating module <slave>.
WARNING:HDLCompiler:413 - "/home/lisseth/Slave_mode/slave.v" Line 58: Result of 12-bit expression is truncated to fit in 11-bit target.

=========================================================================
*                           HDL Synthesis                               *
=========================================================================

Synthesizing Unit <slave_mode>.
    Related source file is "/home/lisseth/Slave_mode/slave_mode.v".
    Summary:
	no macro.
Unit <slave_mode> synthesized.

Synthesizing Unit <div_freq>.
    Related source file is "/home/lisseth/Slave_mode/div_freq.v".
        fi = 50000000
        fs = 24000000
    Found 1-bit register for signal <clkout>.
    Found 32-bit register for signal <count>.
    Found 1-bit register for signal <led>.
    Found 32-bit subtractor for signal <count[31]_GND_2_o_sub_3_OUT> created at line 23.
    Summary:
	inferred   1 Adder/Subtractor(s).
	inferred  34 D-type flip-flop(s).
	inferred   1 Multiplexer(s).
Unit <div_freq> synthesized.

Synthesizing Unit <slave>.
    Related source file is "/home/lisseth/Slave_mode/slave.v".
    Found 1-bit register for signal <pwdn>.
    Found 32-bit register for signal <countP>.
    Found 1-bit register for signal <resetb>.
    Found 32-bit register for signal <countD>.
    Found 11-bit register for signal <count>.
    Found 1-bit register for signal <led>.
    Found 32-bit adder for signal <countP[31]_GND_3_o_add_2_OUT> created at line 33.
    Found 32-bit adder for signal <countD[31]_GND_3_o_add_6_OUT> created at line 48.
    Found 11-bit adder for signal <count[10]_GND_3_o_add_10_OUT> created at line 58.
    Summary:
	inferred   3 Adder/Subtractor(s).
	inferred  78 D-type flip-flop(s).
Unit <slave> synthesized.

=========================================================================
HDL Synthesis Report

Macro Statistics
# Adders/Subtractors                                   : 4
 11-bit adder                                          : 1
 32-bit adder                                          : 2
 32-bit subtractor                                     : 1
# Registers                                            : 9
 1-bit register                                        : 5
 11-bit register                                       : 1
 32-bit register                                       : 3
# Multiplexers                                         : 1
 32-bit 2-to-1 multiplexer                             : 1

=========================================================================

=========================================================================
*                       Advanced HDL Synthesis                          *
=========================================================================


Synthesizing (advanced) Unit <div_freq>.
The following registers are absorbed into counter <count>: 1 register on signal <count>.
Unit <div_freq> synthesized (advanced).

Synthesizing (advanced) Unit <slave>.
The following registers are absorbed into counter <countP>: 1 register on signal <countP>.
The following registers are absorbed into counter <countD>: 1 register on signal <countD>.
The following registers are absorbed into counter <count>: 1 register on signal <count>.
Unit <slave> synthesized (advanced).

=========================================================================
Advanced HDL Synthesis Report

Macro Statistics
# Counters                                             : 4
 11-bit up counter                                     : 1
 32-bit down counter                                   : 1
 32-bit up counter                                     : 2
# Registers                                            : 5
 Flip-Flops                                            : 5

=========================================================================

=========================================================================
*                         Low Level Synthesis                           *
=========================================================================

Optimizing unit <slave_mode> ...

Optimizing unit <slave> ...
WARNING:Xst:1293 - FF/Latch <div/count_31> has a constant value of 0 in block <slave_mode>. This FF/Latch will be trimmed during the optimization process.
WARNING:Xst:1896 - Due to other FF/Latch trimming, FF/Latch <div/count_30> has a constant value of 0 in block <slave_mode>. This FF/Latch will be trimmed during the optimization process.
WARNING:Xst:1896 - Due to other FF/Latch trimming, FF/Latch <div/count_29> has a constant value of 0 in block <slave_mode>. This FF/Latch will be trimmed during the optimization process.
WARNING:Xst:1896 - Due to other FF/Latch trimming, FF/Latch <div/count_28> has a constant value of 0 in block <slave_mode>. This FF/Latch will be trimmed during the optimization process.
WARNING:Xst:1896 - Due to other FF/Latch trimming, FF/Latch <div/count_27> has a constant value of 0 in block <slave_mode>. This FF/Latch will be trimmed during the optimization process.
WARNING:Xst:1896 - Due to other FF/Latch trimming, FF/Latch <div/count_26> has a constant value of 0 in block <slave_mode>. This FF/Latch will be trimmed during the optimization process.
WARNING:Xst:1896 - Due to other FF/Latch trimming, FF/Latch <div/count_25> has a constant value of 0 in block <slave_mode>. This FF/Latch will be trimmed during the optimization process.
WARNING:Xst:1896 - Due to other FF/Latch trimming, FF/Latch <div/count_24> has a constant value of 0 in block <slave_mode>. This FF/Latch will be trimmed during the optimization process.
WARNING:Xst:1896 - Due to other FF/Latch trimming, FF/Latch <div/count_23> has a constant value of 0 in block <slave_mode>. This FF/Latch will be trimmed during the optimization process.
WARNING:Xst:1896 - Due to other FF/Latch trimming, FF/Latch <div/count_22> has a constant value of 0 in block <slave_mode>. This FF/Latch will be trimmed during the optimization process.
WARNING:Xst:1896 - Due to other FF/Latch trimming, FF/Latch <div/count_21> has a constant value of 0 in block <slave_mode>. This FF/Latch will be trimmed during the optimization process.
WARNING:Xst:1896 - Due to other FF/Latch trimming, FF/Latch <div/count_20> has a constant value of 0 in block <slave_mode>. This FF/Latch will be trimmed during the optimization process.
WARNING:Xst:1896 - Due to other FF/Latch trimming, FF/Latch <div/count_19> has a constant value of 0 in block <slave_mode>. This FF/Latch will be trimmed during the optimization process.
WARNING:Xst:1896 - Due to other FF/Latch trimming, FF/Latch <div/count_18> has a constant value of 0 in block <slave_mode>. This FF/Latch will be trimmed during the optimization process.
WARNING:Xst:1896 - Due to other FF/Latch trimming, FF/Latch <div/count_16> has a constant value of 0 in block <slave_mode>. This FF/Latch will be trimmed during the optimization process.
WARNING:Xst:1896 - Due to other FF/Latch trimming, FF/Latch <div/count_15> has a constant value of 0 in block <slave_mode>. This FF/Latch will be trimmed during the optimization process.
WARNING:Xst:1896 - Due to other FF/Latch trimming, FF/Latch <div/count_17> has a constant value of 0 in block <slave_mode>. This FF/Latch will be trimmed during the optimization process.
WARNING:Xst:1896 - Due to other FF/Latch trimming, FF/Latch <div/count_14> has a constant value of 0 in block <slave_mode>. This FF/Latch will be trimmed during the optimization process.
WARNING:Xst:1896 - Due to other FF/Latch trimming, FF/Latch <div/count_13> has a constant value of 0 in block <slave_mode>. This FF/Latch will be trimmed during the optimization process.
WARNING:Xst:1896 - Due to other FF/Latch trimming, FF/Latch <div/count_12> has a constant value of 0 in block <slave_mode>. This FF/Latch will be trimmed during the optimization process.
WARNING:Xst:1896 - Due to other FF/Latch trimming, FF/Latch <div/count_11> has a constant value of 0 in block <slave_mode>. This FF/Latch will be trimmed during the optimization process.
WARNING:Xst:1896 - Due to other FF/Latch trimming, FF/Latch <div/count_10> has a constant value of 0 in block <slave_mode>. This FF/Latch will be trimmed during the optimization process.
WARNING:Xst:1896 - Due to other FF/Latch trimming, FF/Latch <div/count_9> has a constant value of 0 in block <slave_mode>. This FF/Latch will be trimmed during the optimization process.
WARNING:Xst:1896 - Due to other FF/Latch trimming, FF/Latch <div/count_8> has a constant value of 0 in block <slave_mode>. This FF/Latch will be trimmed during the optimization process.
WARNING:Xst:1896 - Due to other FF/Latch trimming, FF/Latch <div/count_7> has a constant value of 0 in block <slave_mode>. This FF/Latch will be trimmed during the optimization process.
WARNING:Xst:1896 - Due to other FF/Latch trimming, FF/Latch <div/count_6> has a constant value of 0 in block <slave_mode>. This FF/Latch will be trimmed during the optimization process.
WARNING:Xst:1896 - Due to other FF/Latch trimming, FF/Latch <div/count_5> has a constant value of 0 in block <slave_mode>. This FF/Latch will be trimmed during the optimization process.
WARNING:Xst:1896 - Due to other FF/Latch trimming, FF/Latch <div/count_4> has a constant value of 0 in block <slave_mode>. This FF/Latch will be trimmed during the optimization process.
WARNING:Xst:1896 - Due to other FF/Latch trimming, FF/Latch <div/count_3> has a constant value of 0 in block <slave_mode>. This FF/Latch will be trimmed during the optimization process.
WARNING:Xst:1896 - Due to other FF/Latch trimming, FF/Latch <div/count_2> has a constant value of 0 in block <slave_mode>. This FF/Latch will be trimmed during the optimization process.

Mapping all equations...
Building and optimizing final netlist ...
Found area constraint ratio of 100 (+ 0) on block slave_mode, actual ratio is 0.
FlipFlop div/clkout has been replicated 1 time(s) to handle iob=true attribute.
FlipFlop sl/pwdn has been replicated 1 time(s) to handle iob=true attribute.
FlipFlop sl/resetb has been replicated 1 time(s) to handle iob=true attribute.

Final Macro Processing ...

=========================================================================
Final Register Report

Macro Statistics
# Registers                                            : 85
 Flip-Flops                                            : 85

=========================================================================

=========================================================================
*                           Partition Report                            *
=========================================================================

Partition Implementation Status
-------------------------------

  No Partitions were found in this design.

-------------------------------

=========================================================================
*                            Design Summary                             *
=========================================================================

Top Level Output File Name         : project.ngc

Primitive and Black Box Usage:
------------------------------
# BELS                             : 253
#      GND                         : 1
#      INV                         : 5
#      LUT1                        : 73
#      LUT2                        : 1
#      LUT3                        : 5
#      LUT4                        : 2
#      LUT5                        : 2
#      LUT6                        : 13
#      MUXCY                       : 73
#      VCC                         : 1
#      XORCY                       : 77
# FlipFlops/Latches                : 85
#      FD                          : 7
#      FDR                         : 2
#      FDRE                        : 75
#      FDS                         : 1
# Clock Buffers                    : 2
#      BUFG                        : 1
#      BUFGP                       : 1
# IO Buffers                       : 7
#      IBUF                        : 2
#      OBUF                        : 5

Device utilization summary:
---------------------------

Selected Device : 7a100tcsg324-1 


Slice Logic Utilization: 
 Number of Slice Registers:              80  out of  126800     0%  
 Number of Slice LUTs:                  101  out of  63400     0%  
    Number used as Logic:               101  out of  63400     0%  

Slice Logic Distribution: 
 Number of LUT Flip Flop pairs used:    101
   Number with an unused Flip Flop:      21  out of    101    20%  
   Number with an unused LUT:             0  out of    101     0%  
   Number of fully used LUT-FF pairs:    80  out of    101    79%  
   Number of unique control sets:         6

IO Utilization: 
 Number of IOs:                           8
 Number of bonded IOBs:                   8  out of    210     3%  
    IOB Flip Flops/Latches:               5

Specific Feature Utilization:
 Number of BUFG/BUFGCTRLs:                2  out of     32     6%  

---------------------------
Partition Resource Summary:
---------------------------

  No Partitions were found in this design.

---------------------------


=========================================================================
Timing Report

NOTE: THESE TIMING NUMBERS ARE ONLY A SYNTHESIS ESTIMATE.
      FOR ACCURATE TIMING INFORMATION PLEASE REFER TO THE TRACE REPORT
      GENERATED AFTER PLACE-and-ROUTE.

Clock Information:
------------------
-----------------------------------+------------------------+-------+
Clock Signal                       | Clock buffer(FF name)  | Load  |
-----------------------------------+------------------------+-------+
clk                                | BUFGP                  | 5     |
div/clkout                         | BUFG                   | 80    |
-----------------------------------+------------------------+-------+

Asynchronous Control Signals Information:
----------------------------------------
No asynchronous control signals found in this design

Timing Summary:
---------------
Speed Grade: -1

   Minimum period: 3.636ns (Maximum Frequency: 275.046MHz)
   Minimum input arrival time before clock: 3.171ns
   Maximum output required time after clock: 0.877ns
   Maximum combinational path delay: No path found

Timing Details:
---------------
All values displayed in nanoseconds (ns)

=========================================================================
Timing constraint: Default period analysis for Clock 'clk'
  Clock period: 2.600ns (frequency: 384.615MHz)
  Total number of paths / destination ports: 13 / 4
-------------------------------------------------------------------------
Delay:               2.600ns (Levels of Logic = 4)
  Source:            div/count_0 (FF)
  Destination:       div/count_1 (FF)
  Source Clock:      clk rising
  Destination Clock: clk rising

  Data Path: div/count_0 to div/count_1
                                Gate     Net
    Cell:in->out      fanout   Delay   Delay  Logical Name (Net Name)
    ----------------------------------------  ------------
     FD:C->Q               4   0.478   0.441  div/count_0 (div/count_0)
     LUT1:I0->O            1   0.124   0.000  div/Mcount_count_cy<0>_rt (div/Mcount_count_cy<0>_rt)
     MUXCY:S->O            0   0.472   0.000  div/Mcount_count_cy<0> (div/Mcount_count_cy<0>)
     XORCY:CI->O           1   0.510   0.421  div/Mcount_count_xor<1> (Result<1>)
     LUT3:I2->O            1   0.124   0.000  div/Mcount_count_eqn_11 (div/Mcount_count_eqn_1)
     FDS:D                     0.030          div/count_1
    ----------------------------------------
    Total                      2.600ns (1.738ns logic, 0.862ns route)
                                       (66.8% logic, 33.2% route)

=========================================================================
Timing constraint: Default period analysis for Clock 'div/clkout'
  Clock period: 3.636ns (frequency: 275.046MHz)
  Total number of paths / destination ports: 3469 / 165
-------------------------------------------------------------------------
Delay:               3.636ns (Levels of Logic = 2)
  Source:            sl/countP_24 (FF)
  Destination:       sl/countP_31 (FF)
  Source Clock:      div/clkout rising
  Destination Clock: div/clkout rising

  Data Path: sl/countP_24 to sl/countP_31
                                Gate     Net
    Cell:in->out      fanout   Delay   Delay  Logical Name (Net Name)
    ----------------------------------------  ------------
     FDRE:C->Q             2   0.478   0.945  sl/countP_24 (sl/countP_24)
     LUT6:I0->O            1   0.124   0.919  sl/_n00565 (sl/_n00565)
     LUT6:I1->O           33   0.124   0.552  sl/_n00567 (sl/_n0056)
     FDRE:R                    0.494          sl/countP_0
    ----------------------------------------
    Total                      3.636ns (1.220ns logic, 2.416ns route)
                                       (33.6% logic, 66.4% route)

=========================================================================
Timing constraint: Default OFFSET IN BEFORE for Clock 'clk'
  Total number of paths / destination ports: 5 / 5
-------------------------------------------------------------------------
Offset:              1.467ns (Levels of Logic = 2)
  Source:            reset (PAD)
  Destination:       div/count_1 (FF)
  Destination Clock: clk rising

  Data Path: reset to div/count_1
                                Gate     Net
    Cell:in->out      fanout   Delay   Delay  Logical Name (Net Name)
    ----------------------------------------  ------------
     IBUF:I->O             3   0.001   0.413  reset_IBUF (reset_IBUF)
     INV:I->O              3   0.146   0.413  div/reset_inv1_INV_0 (div/reset_inv)
     FDS:S                     0.494          div/count_1
    ----------------------------------------
    Total                      1.467ns (0.641ns logic, 0.826ns route)
                                       (43.7% logic, 56.3% route)

=========================================================================
Timing constraint: Default OFFSET IN BEFORE for Clock 'div/clkout'
  Total number of paths / destination ports: 159 / 155
-------------------------------------------------------------------------
Offset:              3.171ns (Levels of Logic = 3)
  Source:            enable (PAD)
  Destination:       sl/countD_31 (FF)
  Destination Clock: div/clkout rising

  Data Path: enable to sl/countD_31
                                Gate     Net
    Cell:in->out      fanout   Delay   Delay  Logical Name (Net Name)
    ----------------------------------------  ------------
     IBUF:I->O            70   0.001   0.937  enable_IBUF (enable_IBUF)
     LUT4:I0->O            1   0.124   0.939  sl/_n00625_SW0 (N3)
     LUT6:I0->O           33   0.124   0.552  sl/_n00627 (sl/_n0062)
     FDRE:R                    0.494          sl/countD_0
    ----------------------------------------
    Total                      3.171ns (0.743ns logic, 2.428ns route)
                                       (23.4% logic, 76.6% route)

=========================================================================
Timing constraint: Default OFFSET OUT AFTER for Clock 'clk'
  Total number of paths / destination ports: 2 / 2
-------------------------------------------------------------------------
Offset:              0.877ns (Levels of Logic = 1)
  Source:            div/led (FF)
  Destination:       led1 (PAD)
  Source Clock:      clk rising

  Data Path: div/led to led1
                                Gate     Net
    Cell:in->out      fanout   Delay   Delay  Logical Name (Net Name)
    ----------------------------------------  ------------
     FD:C->Q               1   0.478   0.399  div/led (div/led)
     OBUF:I->O                 0.000          led1_OBUF (led1)
    ----------------------------------------
    Total                      0.877ns (0.478ns logic, 0.399ns route)
                                       (54.5% logic, 45.5% route)

=========================================================================
Timing constraint: Default OFFSET OUT AFTER for Clock 'div/clkout'
  Total number of paths / destination ports: 3 / 3
-------------------------------------------------------------------------
Offset:              0.877ns (Levels of Logic = 1)
  Source:            sl/pwdn_1 (FF)
  Destination:       pwdn (PAD)
  Source Clock:      div/clkout rising

  Data Path: sl/pwdn_1 to pwdn
                                Gate     Net
    Cell:in->out      fanout   Delay   Delay  Logical Name (Net Name)
    ----------------------------------------  ------------
     FD:C->Q               1   0.478   0.399  sl/pwdn_1 (sl/pwdn_1)
     OBUF:I->O                 0.000          pwdn_OBUF (pwdn)
    ----------------------------------------
    Total                      0.877ns (0.478ns logic, 0.399ns route)
                                       (54.5% logic, 45.5% route)

=========================================================================

Cross Clock Domains Report:
--------------------------

Clock to Setup on destination clock clk
---------------+---------+---------+---------+---------+
               | Src:Rise| Src:Fall| Src:Rise| Src:Fall|
Source Clock   |Dest:Rise|Dest:Rise|Dest:Fall|Dest:Fall|
---------------+---------+---------+---------+---------+
clk            |    2.600|         |         |         |
---------------+---------+---------+---------+---------+

Clock to Setup on destination clock div/clkout
---------------+---------+---------+---------+---------+
               | Src:Rise| Src:Fall| Src:Rise| Src:Fall|
Source Clock   |Dest:Rise|Dest:Rise|Dest:Fall|Dest:Fall|
---------------+---------+---------+---------+---------+
div/clkout     |    3.636|         |         |         |
---------------+---------+---------+---------+---------+

=========================================================================


Total REAL time to Xst completion: 23.00 secs
Total CPU time to Xst completion: 22.60 secs
 
--> 


Total memory usage is 504768 kilobytes

Number of errors   :    0 (   0 filtered)
Number of warnings :   31 (   0 filtered)
Number of infos    :    0 (   0 filtered)

